[VAMS][2018-04-25 10:44:18,307] INFO | 初始化成功...... | [main] com.huir.mina.customservice.CustomMinaService.main(37)
[VAMS][2018-04-25 10:44:43,726] INFO | 为了生存 ----客户端主动发送心跳包 | [NioProcessor-2] com.huir.mina.customtelnet.HreatBeat.getRequest(19)
[VAMS][2018-04-25 10:44:43,736] INFO | -客户端与服务端连接[空闲] - both idle | [NioProcessor-2] com.huir.mina.customtelnet.CustomTelnetHandler.sessionIdle(59)
[VAMS][2018-04-25 10:44:43,737] INFO | 客户端发送心跳包 ------》  14;客户端发送心跳包;8 | [NioProcessor-2] com.huir.mina.customtelnet.HreatBeat.isRequest(38)
[VAMS][2018-04-25 10:44:53,740] INFO | -客户端与服务端连接[空闲] - reader idle | [NioProcessor-2] com.huir.mina.customtelnet.CustomTelnetHandler.sessionIdle(59)
[VAMS][2018-04-25 10:44:59,416] INFO | 断开连接 | [NioProcessor-2] com.huir.mina.customtelnet.CustomTelnetHandler.sessionClosed(49)
[VAMS][2018-04-25 10:46:29,695] INFO | 初始化成功...... | [main] com.huir.mina.customservice.CustomMinaService.main(37)
[VAMS][2018-04-25 10:46:36,365] INFO | 断开连接 | [NioProcessor-2] com.huir.mina.customservice.CustomServiceHandler.sessionClosed(55)
[VAMS][2018-04-25 10:46:48,719] INFO | 初始化成功...... | [main] com.huir.mina.customservice.CustomMinaService.main(37)
[VAMS][2018-04-25 10:46:53,848] INFO | 断开连接 | [NioProcessor-2] com.huir.mina.customservice.CustomServiceHandler.sessionClosed(55)
[VAMS][2018-04-25 10:48:44,218] INFO | 初始化成功...... | [main] com.huir.mina.customservice.CustomMinaService.main(37)
[VAMS][2018-04-25 10:49:07,920] INFO | 为了生存 ----客户端主动发送心跳包 | [NioProcessor-2] com.huir.mina.customtelnet.HreatBeat.getRequest(19)
[VAMS][2018-04-25 10:49:07,928] INFO | -客户端与服务端连接[空闲] - both idle | [NioProcessor-2] com.huir.mina.customtelnet.CustomTelnetHandler.sessionIdle(59)
[VAMS][2018-04-25 10:49:07,929] INFO | 客户端发送心跳包 ------》  14;客户端发送心跳包;8 | [NioProcessor-2] com.huir.mina.customtelnet.HreatBeat.isRequest(38)
[VAMS][2018-04-25 10:49:17,931] INFO | -客户端与服务端连接[空闲] - reader idle | [NioProcessor-2] com.huir.mina.customtelnet.CustomTelnetHandler.sessionIdle(59)
[VAMS][2018-04-25 10:49:18,664] INFO | 断开连接 | [NioProcessor-2] com.huir.mina.customservice.CustomServiceHandler.sessionClosed(55)
[VAMS][2018-04-25 10:49:33,642] INFO | 初始化成功...... | [main] com.huir.mina.customservice.CustomMinaService.main(37)
[VAMS][2018-04-25 10:49:42,360] INFO | 断开连接 | [NioProcessor-2] com.huir.mina.customtelnet.CustomTelnetHandler.sessionClosed(49)
[VAMS][2018-04-25 10:49:45,369] INFO | 开始重连服务器 | [NioProcessor-2] com.huir.mina.customtelnet.CustomMinaTelnet$1.sessionDestroyed(58)
[VAMS][2018-04-25 10:49:45,370] INFO | 重连服务器登录失败,3秒再连接一次    The connector has been disposed. | [NioProcessor-2] com.huir.mina.customtelnet.CustomMinaTelnet$1.sessionDestroyed(68)
[VAMS][2018-04-25 10:49:48,371] INFO | 开始重连服务器 | [NioProcessor-2] com.huir.mina.customtelnet.CustomMinaTelnet$1.sessionDestroyed(58)
[VAMS][2018-04-25 10:49:48,372] INFO | 重连服务器登录失败,3秒再连接一次    The connector has been disposed. | [NioProcessor-2] com.huir.mina.customtelnet.CustomMinaTelnet$1.sessionDestroyed(68)
[VAMS][2018-04-25 10:49:51,374] INFO | 开始重连服务器 | [NioProcessor-2] com.huir.mina.customtelnet.CustomMinaTelnet$1.sessionDestroyed(58)
[VAMS][2018-04-25 10:49:51,375] INFO | 重连服务器登录失败,3秒再连接一次    The connector has been disposed. | [NioProcessor-2] com.huir.mina.customtelnet.CustomMinaTelnet$1.sessionDestroyed(68)
[VAMS][2018-04-25 10:49:54,376] INFO | 开始重连服务器 | [NioProcessor-2] com.huir.mina.customtelnet.CustomMinaTelnet$1.sessionDestroyed(58)
[VAMS][2018-04-25 10:49:54,377] INFO | 重连服务器登录失败,3秒再连接一次    The connector has been disposed. | [NioProcessor-2] com.huir.mina.customtelnet.CustomMinaTelnet$1.sessionDestroyed(68)
[VAMS][2018-04-25 10:49:57,378] INFO | 开始重连服务器 | [NioProcessor-2] com.huir.mina.customtelnet.CustomMinaTelnet$1.sessionDestroyed(58)
[VAMS][2018-04-25 10:49:57,379] INFO | 重连服务器登录失败,3秒再连接一次    The connector has been disposed. | [NioProcessor-2] com.huir.mina.customtelnet.CustomMinaTelnet$1.sessionDestroyed(68)
[VAMS][2018-04-25 10:50:00,380] INFO | 开始重连服务器 | [NioProcessor-2] com.huir.mina.customtelnet.CustomMinaTelnet$1.sessionDestroyed(58)
[VAMS][2018-04-25 10:50:00,381] INFO | 重连服务器登录失败,3秒再连接一次    The connector has been disposed. | [NioProcessor-2] com.huir.mina.customtelnet.CustomMinaTelnet$1.sessionDestroyed(68)
[VAMS][2018-04-25 10:50:03,382] INFO | 开始重连服务器 | [NioProcessor-2] com.huir.mina.customtelnet.CustomMinaTelnet$1.sessionDestroyed(58)
[VAMS][2018-04-25 10:50:03,383] INFO | 重连服务器登录失败,3秒再连接一次    The connector has been disposed. | [NioProcessor-2] com.huir.mina.customtelnet.CustomMinaTelnet$1.sessionDestroyed(68)
[VAMS][2018-04-25 10:50:06,384] INFO | 开始重连服务器 | [NioProcessor-2] com.huir.mina.customtelnet.CustomMinaTelnet$1.sessionDestroyed(58)
[VAMS][2018-04-25 10:50:06,385] INFO | 重连服务器登录失败,3秒再连接一次    The connector has been disposed. | [NioProcessor-2] com.huir.mina.customtelnet.CustomMinaTelnet$1.sessionDestroyed(68)
[VAMS][2018-04-25 10:50:09,387] INFO | 开始重连服务器 | [NioProcessor-2] com.huir.mina.customtelnet.CustomMinaTelnet$1.sessionDestroyed(58)
[VAMS][2018-04-25 10:50:09,387] INFO | 重连服务器登录失败,3秒再连接一次    The connector has been disposed. | [NioProcessor-2] com.huir.mina.customtelnet.CustomMinaTelnet$1.sessionDestroyed(68)
[VAMS][2018-04-25 10:50:12,387] INFO | 开始重连服务器 | [NioProcessor-2] com.huir.mina.customtelnet.CustomMinaTelnet$1.sessionDestroyed(58)
[VAMS][2018-04-25 10:50:12,388] INFO | 重连服务器登录失败,3秒再连接一次    The connector has been disposed. | [NioProcessor-2] com.huir.mina.customtelnet.CustomMinaTelnet$1.sessionDestroyed(68)
[VAMS][2018-04-25 10:50:15,389] INFO | 开始重连服务器 | [NioProcessor-2] com.huir.mina.customtelnet.CustomMinaTelnet$1.sessionDestroyed(58)
[VAMS][2018-04-25 10:50:15,390] INFO | 重连服务器登录失败,3秒再连接一次    The connector has been disposed. | [NioProcessor-2] com.huir.mina.customtelnet.CustomMinaTelnet$1.sessionDestroyed(68)
[VAMS][2018-04-25 10:50:18,390] INFO | 开始重连服务器 | [NioProcessor-2] com.huir.mina.customtelnet.CustomMinaTelnet$1.sessionDestroyed(58)
[VAMS][2018-04-25 10:50:18,391] INFO | 重连服务器登录失败,3秒再连接一次    The connector has been disposed. | [NioProcessor-2] com.huir.mina.customtelnet.CustomMinaTelnet$1.sessionDestroyed(68)
[VAMS][2018-04-25 10:50:21,391] INFO | 开始重连服务器 | [NioProcessor-2] com.huir.mina.customtelnet.CustomMinaTelnet$1.sessionDestroyed(58)
[VAMS][2018-04-25 10:50:21,392] INFO | 重连服务器登录失败,3秒再连接一次    The connector has been disposed. | [NioProcessor-2] com.huir.mina.customtelnet.CustomMinaTelnet$1.sessionDestroyed(68)
[VAMS][2018-04-25 10:50:24,393] INFO | 开始重连服务器 | [NioProcessor-2] com.huir.mina.customtelnet.CustomMinaTelnet$1.sessionDestroyed(58)
[VAMS][2018-04-25 10:50:24,394] INFO | 重连服务器登录失败,3秒再连接一次    The connector has been disposed. | [NioProcessor-2] com.huir.mina.customtelnet.CustomMinaTelnet$1.sessionDestroyed(68)
[VAMS][2018-04-25 11:01:55,431] INFO | 初始化成功...... | [main] com.huir.mina.customservice.CustomMinaService.main(37)
[VAMS][2018-04-25 11:02:15,736] INFO | 捕获异常:远程主机强迫关闭了一个现有的连接.... | [NioProcessor-2] com.huir.mina.customservice.CustomServiceHandler.exceptionCaught(17)
[VAMS][2018-04-25 11:02:15,740] INFO | sessionClosed !!! | [NioProcessor-2] com.huir.mina.customservice.CustomServiceHandler.sessionClosed(55)
[VAMS][2018-04-25 11:04:48,707] INFO | 初始化成功...... | [main] com.huir.mina.customservice.CustomMinaService.main(37)
[VAMS][2018-04-25 11:04:53,754] INFO | 开始连接服务器...... | [main] com.huir.mina.customtelnet.CustomMinaTelnet.connection(84)
[VAMS][2018-04-25 11:05:13,771] INFO | 为了生存 ----客户端主动发送心跳包 | [NioProcessor-2] com.huir.mina.customtelnet.HreatBeat.getRequest(19)
[VAMS][2018-04-25 11:05:13,773] INFO | -客户端与服务端连接[空闲] - both idle | [NioProcessor-2] com.huir.mina.customtelnet.CustomTelnetHandler.sessionIdle(64)
[VAMS][2018-04-25 11:05:13,774] INFO | 客户端发送心跳包 ------》  14;客户端发送心跳包;8 | [NioProcessor-2] com.huir.mina.customtelnet.HreatBeat.isRequest(38)
[VAMS][2018-04-25 11:05:23,776] INFO | -客户端与服务端连接[空闲] - reader idle | [NioProcessor-2] com.huir.mina.customtelnet.CustomTelnetHandler.sessionIdle(64)
[VAMS][2018-04-25 11:05:53,786] WARN | A keep-alive response message was not received within 30 second(s). | [NioProcessor-2] org.apache.mina.filter.keepalive.KeepAliveRequestTimeoutHandler$2.keepAliveRequestTimedOut(49)
[VAMS][2018-04-25 11:05:53,788] INFO | -客户端与服务端连接[空闲] - reader idle | [NioProcessor-2] com.huir.mina.customtelnet.CustomTelnetHandler.sessionIdle(64)
[VAMS][2018-04-25 11:05:54,789] INFO | 为了生存 ----客户端主动发送心跳包 | [NioProcessor-2] com.huir.mina.customtelnet.HreatBeat.getRequest(19)
[VAMS][2018-04-25 11:05:54,790] INFO | -客户端与服务端连接[空闲] - both idle | [NioProcessor-2] com.huir.mina.customtelnet.CustomTelnetHandler.sessionIdle(64)
[VAMS][2018-04-25 11:05:54,792] INFO | 客户端发送心跳包 ------》  14;客户端发送心跳包;8 | [NioProcessor-2] com.huir.mina.customtelnet.HreatBeat.isRequest(38)
[VAMS][2018-04-25 11:06:13,664] INFO | 捕获异常:远程主机强迫关闭了一个现有的连接.... | [NioProcessor-2] com.huir.mina.customservice.CustomServiceHandler.exceptionCaught(17)
[VAMS][2018-04-25 11:06:13,675] INFO | sessionClosed !!! | [NioProcessor-2] com.huir.mina.customservice.CustomServiceHandler.sessionClosed(55)
[VAMS][2018-04-25 11:06:23,474] INFO | 初始化失败...... | [main] com.huir.mina.customservice.CustomMinaService.main(39)
[VAMS][2018-04-25 11:06:33,290] INFO | 开始连接服务器...... | [main] com.huir.mina.customtelnet.CustomMinaTelnet.connection(84)
[VAMS][2018-04-25 11:06:33,303] INFO | session (0x00000001: nio socket, client, /127.0.0.1:53187 => /127.0.0.1:7485) | [main] com.huir.mina.customtelnet.CustomMinaTelnet.connection(89)
[VAMS][2018-04-25 11:06:53,308] INFO | 为了生存 ----客户端主动发送心跳包 | [NioProcessor-2] com.huir.mina.customtelnet.HreatBeat.getRequest(19)
[VAMS][2018-04-25 11:06:53,310] INFO | -客户端与服务端连接[空闲] - both idle | [NioProcessor-2] com.huir.mina.customtelnet.CustomTelnetHandler.sessionIdle(64)
[VAMS][2018-04-25 11:06:53,311] INFO | 客户端发送心跳包 ------》  14;客户端发送心跳包;8 | [NioProcessor-2] com.huir.mina.customtelnet.HreatBeat.isRequest(38)
[VAMS][2018-04-25 11:06:56,160] INFO | 捕获异常:远程主机强迫关闭了一个现有的连接.... | [NioProcessor-3] com.huir.mina.customservice.CustomServiceHandler.exceptionCaught(17)
[VAMS][2018-04-25 11:06:56,160] INFO | sessionClosed !!! | [NioProcessor-3] com.huir.mina.customservice.CustomServiceHandler.sessionClosed(55)
[VAMS][2018-04-25 11:07:01,388] INFO | 开始连接服务器...... | [main] com.huir.mina.customtelnet.CustomMinaTelnet.connection(84)
[VAMS][2018-04-25 11:07:01,401] INFO | session (0x00000001: nio socket, client, /127.0.0.1:53210 => /127.0.0.1:7485) | [main] com.huir.mina.customtelnet.CustomMinaTelnet.connection(90)
[VAMS][2018-04-25 11:07:15,992] INFO | 捕获异常:远程主机强迫关闭了一个现有的连接.... | [NioProcessor-4] com.huir.mina.customservice.CustomServiceHandler.exceptionCaught(17)
[VAMS][2018-04-25 11:07:15,992] INFO | sessionClosed !!! | [NioProcessor-4] com.huir.mina.customservice.CustomServiceHandler.sessionClosed(55)
[VAMS][2018-04-25 11:07:22,863] INFO | 初始化成功...... | [main] com.huir.mina.customservice.CustomMinaService.main(37)
[VAMS][2018-04-25 11:07:26,060] INFO | 开始连接服务器...... | [main] com.huir.mina.customtelnet.CustomMinaTelnet.connection(84)
[VAMS][2018-04-25 11:07:26,074] INFO | session (0x00000001: nio socket, client, /127.0.0.1:53254 => /127.0.0.1:7485) | [main] com.huir.mina.customtelnet.CustomMinaTelnet.connection(90)
[VAMS][2018-04-25 11:07:46,078] INFO | 为了生存 ----客户端主动发送心跳包 | [NioProcessor-2] com.huir.mina.customtelnet.HreatBeat.getRequest(19)
[VAMS][2018-04-25 11:07:46,080] INFO | -客户端与服务端连接[空闲] - both idle | [NioProcessor-2] com.huir.mina.customtelnet.CustomTelnetHandler.sessionIdle(64)
[VAMS][2018-04-25 11:07:46,081] INFO | 客户端发送心跳包 ------》  14;客户端发送心跳包;8 | [NioProcessor-2] com.huir.mina.customtelnet.HreatBeat.isRequest(38)
[VAMS][2018-04-25 11:07:56,084] INFO | -客户端与服务端连接[空闲] - reader idle | [NioProcessor-2] com.huir.mina.customtelnet.CustomTelnetHandler.sessionIdle(64)
[VAMS][2018-04-25 11:08:04,623] INFO | 断开连接 | [NioProcessor-2] com.huir.mina.customtelnet.CustomTelnetHandler.sessionClosed(54)
[VAMS][2018-04-25 11:08:07,625] INFO | 开始重连服务器 | [NioProcessor-2] com.huir.mina.customtelnet.CustomMinaTelnet$1.sessionDestroyed(58)
[VAMS][2018-04-25 11:08:08,630] INFO | 重连服务器登录失败,3秒再连接一次    Failed to get the session. | [NioProcessor-2] com.huir.mina.customtelnet.CustomMinaTelnet$1.sessionDestroyed(68)
[VAMS][2018-04-25 11:08:11,631] INFO | 开始重连服务器 | [NioProcessor-2] com.huir.mina.customtelnet.CustomMinaTelnet$1.sessionDestroyed(58)
[VAMS][2018-04-25 11:08:12,654] INFO | 重连服务器登录失败,3秒再连接一次    Failed to get the session. | [NioProcessor-2] com.huir.mina.customtelnet.CustomMinaTelnet$1.sessionDestroyed(68)
[VAMS][2018-04-25 11:08:13,436] INFO | 初始化成功...... | [main] com.huir.mina.customservice.CustomMinaService.main(37)
[VAMS][2018-04-25 11:08:15,655] INFO | 开始重连服务器 | [NioProcessor-2] com.huir.mina.customtelnet.CustomMinaTelnet$1.sessionDestroyed(58)
[VAMS][2018-04-25 11:08:15,659] INFO | 重连成功!!   ip [/127.0.0.1]  host[7485] | [NioProcessor-2] com.huir.mina.customtelnet.CustomMinaTelnet$1.sessionDestroyed(64)
[VAMS][2018-04-25 11:08:35,660] INFO | 为了生存 ----客户端主动发送心跳包 | [NioProcessor-3] com.huir.mina.customtelnet.HreatBeat.getRequest(19)
[VAMS][2018-04-25 11:08:35,661] INFO | -客户端与服务端连接[空闲] - both idle | [NioProcessor-3] com.huir.mina.customtelnet.CustomTelnetHandler.sessionIdle(64)
[VAMS][2018-04-25 11:08:35,663] INFO | 客户端发送心跳包 ------》  14;客户端发送心跳包;8 | [NioProcessor-3] com.huir.mina.customtelnet.HreatBeat.isRequest(38)
[VAMS][2018-04-25 11:08:45,664] INFO | -客户端与服务端连接[空闲] - reader idle | [NioProcessor-3] com.huir.mina.customtelnet.CustomTelnetHandler.sessionIdle(64)
[VAMS][2018-04-25 11:09:15,671] WARN | A keep-alive response message was not received within 30 second(s). | [NioProcessor-3] org.apache.mina.filter.keepalive.KeepAliveRequestTimeoutHandler$2.keepAliveRequestTimedOut(49)
[VAMS][2018-04-25 11:09:15,672] INFO | -客户端与服务端连接[空闲] - reader idle | [NioProcessor-3] com.huir.mina.customtelnet.CustomTelnetHandler.sessionIdle(64)
[VAMS][2018-04-25 11:09:16,673] INFO | 为了生存 ----客户端主动发送心跳包 | [NioProcessor-3] com.huir.mina.customtelnet.HreatBeat.getRequest(19)
[VAMS][2018-04-25 11:09:16,674] INFO | -客户端与服务端连接[空闲] - both idle | [NioProcessor-3] com.huir.mina.customtelnet.CustomTelnetHandler.sessionIdle(64)
[VAMS][2018-04-25 11:09:16,675] INFO | 客户端发送心跳包 ------》  14;客户端发送心跳包;8 | [NioProcessor-3] com.huir.mina.customtelnet.HreatBeat.isRequest(38)
[VAMS][2018-04-25 11:09:45,679] INFO | -客户端与服务端连接[空闲] - reader idle | [NioProcessor-3] com.huir.mina.customtelnet.CustomTelnetHandler.sessionIdle(64)
[VAMS][2018-04-25 11:10:15,682] WARN | A keep-alive response message was not received within 30 second(s). | [NioProcessor-3] org.apache.mina.filter.keepalive.KeepAliveRequestTimeoutHandler$2.keepAliveRequestTimedOut(49)
[VAMS][2018-04-25 11:10:15,683] INFO | -客户端与服务端连接[空闲] - reader idle | [NioProcessor-3] com.huir.mina.customtelnet.CustomTelnetHandler.sessionIdle(64)
[VAMS][2018-04-25 11:10:16,683] INFO | 为了生存 ----客户端主动发送心跳包 | [NioProcessor-3] com.huir.mina.customtelnet.HreatBeat.getRequest(19)
[VAMS][2018-04-25 11:10:16,684] INFO | -客户端与服务端连接[空闲] - both idle | [NioProcessor-3] com.huir.mina.customtelnet.CustomTelnetHandler.sessionIdle(64)
[VAMS][2018-04-25 11:10:16,685] INFO | 客户端发送心跳包 ------》  14;客户端发送心跳包;8 | [NioProcessor-3] com.huir.mina.customtelnet.HreatBeat.isRequest(38)
[VAMS][2018-04-25 11:10:45,687] INFO | -客户端与服务端连接[空闲] - reader idle | [NioProcessor-3] com.huir.mina.customtelnet.CustomTelnetHandler.sessionIdle(64)
[VAMS][2018-04-25 11:11:15,690] WARN | A keep-alive response message was not received within 30 second(s). | [NioProcessor-3] org.apache.mina.filter.keepalive.KeepAliveRequestTimeoutHandler$2.keepAliveRequestTimedOut(49)
[VAMS][2018-04-25 11:11:15,691] INFO | -客户端与服务端连接[空闲] - reader idle | [NioProcessor-3] com.huir.mina.customtelnet.CustomTelnetHandler.sessionIdle(64)
[VAMS][2018-04-25 11:11:16,692] INFO | 为了生存 ----客户端主动发送心跳包 | [NioProcessor-3] com.huir.mina.customtelnet.HreatBeat.getRequest(19)
[VAMS][2018-04-25 11:11:16,693] INFO | -客户端与服务端连接[空闲] - both idle | [NioProcessor-3] com.huir.mina.customtelnet.CustomTelnetHandler.sessionIdle(64)
[VAMS][2018-04-25 11:11:16,694] INFO | 客户端发送心跳包 ------》  14;客户端发送心跳包;8 | [NioProcessor-3] com.huir.mina.customtelnet.HreatBeat.isRequest(38)
[VAMS][2018-04-25 11:11:45,697] INFO | -客户端与服务端连接[空闲] - reader idle | [NioProcessor-3] com.huir.mina.customtelnet.CustomTelnetHandler.sessionIdle(64)
[VAMS][2018-04-25 11:12:15,699] WARN | A keep-alive response message was not received within 30 second(s). | [NioProcessor-3] org.apache.mina.filter.keepalive.KeepAliveRequestTimeoutHandler$2.keepAliveRequestTimedOut(49)
[VAMS][2018-04-25 11:12:15,700] INFO | -客户端与服务端连接[空闲] - reader idle | [NioProcessor-3] com.huir.mina.customtelnet.CustomTelnetHandler.sessionIdle(64)
[VAMS][2018-04-25 11:12:16,701] INFO | 为了生存 ----客户端主动发送心跳包 | [NioProcessor-3] com.huir.mina.customtelnet.HreatBeat.getRequest(19)
[VAMS][2018-04-25 11:12:16,702] INFO | -客户端与服务端连接[空闲] - both idle | [NioProcessor-3] com.huir.mina.customtelnet.CustomTelnetHandler.sessionIdle(64)
[VAMS][2018-04-25 11:12:16,704] INFO | 客户端发送心跳包 ------》  14;客户端发送心跳包;8 | [NioProcessor-3] com.huir.mina.customtelnet.HreatBeat.isRequest(38)
[VAMS][2018-04-25 11:12:45,378] INFO | 初始化失败...... | [main] com.huir.mina.customservice.CustomMinaService.main(39)
[VAMS][2018-04-25 11:12:45,707] INFO | -客户端与服务端连接[空闲] - reader idle | [NioProcessor-3] com.huir.mina.customtelnet.CustomTelnetHandler.sessionIdle(64)
[VAMS][2018-04-25 11:12:50,281] INFO | 捕获异常:远程主机强迫关闭了一个现有的连接.... | [NioProcessor-2] com.huir.mina.customservice.CustomServiceHandler.exceptionCaught(17)
[VAMS][2018-04-25 11:12:50,292] INFO | sessionClosed !!! | [NioProcessor-2] com.huir.mina.customservice.CustomServiceHandler.sessionClosed(55)
[VAMS][2018-04-25 11:12:59,382] INFO | 初始化成功...... | [main] com.huir.mina.customservice.CustomMinaService.main(37)
[VAMS][2018-04-25 11:13:03,137] INFO | 开始连接服务器...... | [main] com.huir.mina.customtelnet.CustomMinaTelnet.connection(139)
[VAMS][2018-04-25 11:13:03,148] INFO | session (0x00000001: nio socket, client, /127.0.0.1:53382 => /127.0.0.1:7485) | [main] com.huir.mina.customtelnet.CustomMinaTelnet.connection(145)
[VAMS][2018-04-25 11:13:23,153] INFO | 为了生存 ----客户端主动发送心跳包 | [NioProcessor-2] com.huir.mina.customtelnet.HreatBeat.getRequest(19)
[VAMS][2018-04-25 11:13:23,155] INFO | -客户端与服务端连接[空闲] - both idle | [NioProcessor-2] com.huir.mina.customtelnet.CustomTelnetHandler.sessionIdle(64)
[VAMS][2018-04-25 11:13:23,156] INFO | 客户端发送心跳包 ------》  14;客户端发送心跳包;8 | [NioProcessor-2] com.huir.mina.customtelnet.HreatBeat.isRequest(38)
[VAMS][2018-04-25 11:13:23,160] INFO | 为了生存 ----客户端主动发送心跳包 | [NioProcessor-12] com.huir.mina.customtelnet.HreatBeat.getRequest(19)
[VAMS][2018-04-25 11:13:23,161] INFO | -客户端与服务端连接[空闲] - both idle | [NioProcessor-12] com.huir.mina.customtelnet.CustomTelnetHandler.sessionIdle(64)
[VAMS][2018-04-25 11:13:23,163] INFO | 客户端发送心跳包 ------》  14;客户端发送心跳包;8 | [NioProcessor-12] com.huir.mina.customtelnet.HreatBeat.isRequest(38)
[VAMS][2018-04-25 11:13:33,158] INFO | -客户端与服务端连接[空闲] - reader idle | [NioProcessor-2] com.huir.mina.customtelnet.CustomTelnetHandler.sessionIdle(64)
[VAMS][2018-04-25 11:13:33,165] INFO | -客户端与服务端连接[空闲] - reader idle | [NioProcessor-12] com.huir.mina.customtelnet.CustomTelnetHandler.sessionIdle(64)
[VAMS][2018-04-25 11:13:44,865] INFO | 捕获异常:远程主机强迫关闭了一个现有的连接.... | [NioProcessor-2] com.huir.mina.customservice.CustomServiceHandler.exceptionCaught(17)
[VAMS][2018-04-25 11:13:44,865] INFO | 捕获异常:远程主机强迫关闭了一个现有的连接.... | [NioProcessor-3] com.huir.mina.customservice.CustomServiceHandler.exceptionCaught(17)
[VAMS][2018-04-25 11:13:44,878] INFO | sessionClosed !!! | [NioProcessor-2] com.huir.mina.customservice.CustomServiceHandler.sessionClosed(55)
[VAMS][2018-04-25 11:13:44,879] INFO | sessionClosed !!! | [NioProcessor-3] com.huir.mina.customservice.CustomServiceHandler.sessionClosed(55)
[VAMS][2018-04-25 11:13:51,185] INFO | 开始连接服务器...... | [main] com.huir.mina.customtelnet.CustomMinaTelnet.connection(139)
[VAMS][2018-04-25 11:13:51,198] INFO | session (0x00000001: nio socket, client, /127.0.0.1:53428 => /127.0.0.1:7485) | [main] com.huir.mina.customtelnet.CustomMinaTelnet.connection(145)
[VAMS][2018-04-25 11:14:11,202] INFO | 为了生存 ----客户端主动发送心跳包 | [NioProcessor-2] com.huir.mina.customtelnet.HreatBeat.getRequest(19)
[VAMS][2018-04-25 11:14:11,204] INFO | -客户端与服务端连接[空闲] - both idle | [NioProcessor-2] com.huir.mina.customtelnet.CustomTelnetHandler.sessionIdle(64)
[VAMS][2018-04-25 11:14:11,205] INFO | 客户端发送心跳包 ------》  14;客户端发送心跳包;8 | [NioProcessor-2] com.huir.mina.customtelnet.HreatBeat.isRequest(38)
[VAMS][2018-04-25 11:14:11,210] INFO | 为了生存 ----客户端主动发送心跳包 | [NioProcessor-12] com.huir.mina.customtelnet.HreatBeat.getRequest(19)
[VAMS][2018-04-25 11:14:11,212] INFO | -客户端与服务端连接[空闲] - both idle | [NioProcessor-12] com.huir.mina.customtelnet.CustomTelnetHandler.sessionIdle(64)
[VAMS][2018-04-25 11:14:11,213] INFO | 客户端发送心跳包 ------》  14;客户端发送心跳包;8 | [NioProcessor-12] com.huir.mina.customtelnet.HreatBeat.isRequest(38)
[VAMS][2018-04-25 11:14:21,207] INFO | -客户端与服务端连接[空闲] - reader idle | [NioProcessor-2] com.huir.mina.customtelnet.CustomTelnetHandler.sessionIdle(64)
[VAMS][2018-04-25 11:14:21,215] INFO | -客户端与服务端连接[空闲] - reader idle | [NioProcessor-12] com.huir.mina.customtelnet.CustomTelnetHandler.sessionIdle(64)
[VAMS][2018-04-25 11:14:22,350] INFO | 捕获异常:远程主机强迫关闭了一个现有的连接.... | [NioProcessor-4] com.huir.mina.customservice.CustomServiceHandler.exceptionCaught(17)
[VAMS][2018-04-25 11:14:22,350] INFO | 捕获异常:远程主机强迫关闭了一个现有的连接.... | [NioProcessor-5] com.huir.mina.customservice.CustomServiceHandler.exceptionCaught(17)
[VAMS][2018-04-25 11:14:22,351] INFO | sessionClosed !!! | [NioProcessor-4] com.huir.mina.customservice.CustomServiceHandler.sessionClosed(55)
[VAMS][2018-04-25 11:14:22,352] INFO | sessionClosed !!! | [NioProcessor-5] com.huir.mina.customservice.CustomServiceHandler.sessionClosed(55)
[VAMS][2018-04-25 11:14:45,190] INFO | 为了生存 ----客户端主动发送心跳包 | [NioProcessor-2] com.huir.mina.customtelnet.HreatBeat.getRequest(19)
[VAMS][2018-04-25 11:14:45,195] INFO | -客户端与服务端连接[空闲] - both idle | [NioProcessor-2] com.huir.mina.customtelnet.CustomTelnetHandler.sessionIdle(64)
[VAMS][2018-04-25 11:14:45,196] INFO | 客户端发送心跳包 ------》  14;客户端发送心跳包;8 | [NioProcessor-2] com.huir.mina.customtelnet.HreatBeat.isRequest(38)
[VAMS][2018-04-25 11:14:55,198] INFO | -客户端与服务端连接[空闲] - reader idle | [NioProcessor-2] com.huir.mina.customtelnet.CustomTelnetHandler.sessionIdle(64)
[VAMS][2018-04-25 11:15:12,888] INFO | 捕获异常:远程主机强迫关闭了一个现有的连接.... | [NioProcessor-6] com.huir.mina.customservice.CustomServiceHandler.exceptionCaught(17)
[VAMS][2018-04-25 11:15:12,889] INFO | sessionClosed !!! | [NioProcessor-6] com.huir.mina.customservice.CustomServiceHandler.sessionClosed(55)
[VAMS][2018-04-25 11:15:20,681] INFO | 初始化成功...... | [main] com.huir.mina.customservice.CustomMinaService.main(37)
[VAMS][2018-04-25 11:15:44,467] INFO | 为了生存 ----客户端主动发送心跳包 | [NioProcessor-2] com.huir.mina.customtelnet.HreatBeat.getRequest(19)
[VAMS][2018-04-25 11:15:44,477] INFO | -客户端与服务端连接[空闲] - both idle | [NioProcessor-2] com.huir.mina.customtelnet.CustomTelnetHandler.sessionIdle(64)
[VAMS][2018-04-25 11:15:44,478] INFO | 客户端发送心跳包 ------》  14;客户端发送心跳包;8 | [NioProcessor-2] com.huir.mina.customtelnet.HreatBeat.isRequest(38)
[VAMS][2018-04-25 11:15:45,993] INFO | 捕获异常:远程主机强迫关闭了一个现有的连接.... | [NioProcessor-2] com.huir.mina.customservice.CustomServiceHandler.exceptionCaught(17)
[VAMS][2018-04-25 11:15:45,996] INFO | sessionClosed !!! | [NioProcessor-2] com.huir.mina.customservice.CustomServiceHandler.sessionClosed(55)
[VAMS][2018-04-25 11:18:29,712] INFO | 初始化成功...... | [main] com.huir.mina.customservice.CustomMinaService.main(37)
[VAMS][2018-04-25 11:18:34,475] INFO | 12;Telnet:发送请求连接消息;15  ---------------> 12;Telnet:发送请求连接消息;15 | [main] com.huir.mina.service.customcodefactory.CustomEnCode.encode(24)
[VAMS][2018-04-25 11:18:34,479] INFO | 断开连接 | [NioProcessor-2] com.huir.mina.customtelnet.CustomTelnetHandler.sessionClosed(54)
[VAMS][2018-04-25 11:18:37,480] INFO | 开始重连服务器 | [NioProcessor-2] com.huir.mina.customtelnet.CustomMinaTelnet$1.sessionDestroyed(119)
[VAMS][2018-04-25 11:18:37,480] INFO | 重连服务器登录失败,3秒再连接一次    The connector has been disposed. | [NioProcessor-2] com.huir.mina.customtelnet.CustomMinaTelnet$1.sessionDestroyed(129)
[VAMS][2018-04-25 11:18:40,480] INFO | 开始重连服务器 | [NioProcessor-2] com.huir.mina.customtelnet.CustomMinaTelnet$1.sessionDestroyed(119)
[VAMS][2018-04-25 11:18:40,480] INFO | 重连服务器登录失败,3秒再连接一次    The connector has been disposed. | [NioProcessor-2] com.huir.mina.customtelnet.CustomMinaTelnet$1.sessionDestroyed(129)
[VAMS][2018-04-25 11:18:43,482] INFO | 开始重连服务器 | [NioProcessor-2] com.huir.mina.customtelnet.CustomMinaTelnet$1.sessionDestroyed(119)
[VAMS][2018-04-25 11:18:43,482] INFO | 重连服务器登录失败,3秒再连接一次    The connector has been disposed. | [NioProcessor-2] com.huir.mina.customtelnet.CustomMinaTelnet$1.sessionDestroyed(129)
[VAMS][2018-04-25 11:18:46,482] INFO | 开始重连服务器 | [NioProcessor-2] com.huir.mina.customtelnet.CustomMinaTelnet$1.sessionDestroyed(119)
[VAMS][2018-04-25 11:18:46,482] INFO | 重连服务器登录失败,3秒再连接一次    The connector has been disposed. | [NioProcessor-2] com.huir.mina.customtelnet.CustomMinaTelnet$1.sessionDestroyed(129)
[VAMS][2018-04-25 11:18:49,482] INFO | 开始重连服务器 | [NioProcessor-2] com.huir.mina.customtelnet.CustomMinaTelnet$1.sessionDestroyed(119)
[VAMS][2018-04-25 11:18:49,482] INFO | 重连服务器登录失败,3秒再连接一次    The connector has been disposed. | [NioProcessor-2] com.huir.mina.customtelnet.CustomMinaTelnet$1.sessionDestroyed(129)
[VAMS][2018-04-25 11:18:52,482] INFO | 开始重连服务器 | [NioProcessor-2] com.huir.mina.customtelnet.CustomMinaTelnet$1.sessionDestroyed(119)
[VAMS][2018-04-25 11:18:52,482] INFO | 重连服务器登录失败,3秒再连接一次    The connector has been disposed. | [NioProcessor-2] com.huir.mina.customtelnet.CustomMinaTelnet$1.sessionDestroyed(129)
[VAMS][2018-04-25 11:18:55,482] INFO | 开始重连服务器 | [NioProcessor-2] com.huir.mina.customtelnet.CustomMinaTelnet$1.sessionDestroyed(119)
[VAMS][2018-04-25 11:18:55,482] INFO | 重连服务器登录失败,3秒再连接一次    The connector has been disposed. | [NioProcessor-2] com.huir.mina.customtelnet.CustomMinaTelnet$1.sessionDestroyed(129)
[VAMS][2018-04-25 11:18:58,482] INFO | 开始重连服务器 | [NioProcessor-2] com.huir.mina.customtelnet.CustomMinaTelnet$1.sessionDestroyed(119)
[VAMS][2018-04-25 11:18:58,482] INFO | 重连服务器登录失败,3秒再连接一次    The connector has been disposed. | [NioProcessor-2] com.huir.mina.customtelnet.CustomMinaTelnet$1.sessionDestroyed(129)
[VAMS][2018-04-25 11:19:01,483] INFO | 开始重连服务器 | [NioProcessor-2] com.huir.mina.customtelnet.CustomMinaTelnet$1.sessionDestroyed(119)
[VAMS][2018-04-25 11:19:01,483] INFO | 重连服务器登录失败,3秒再连接一次    The connector has been disposed. | [NioProcessor-2] com.huir.mina.customtelnet.CustomMinaTelnet$1.sessionDestroyed(129)
[VAMS][2018-04-25 11:19:04,483] INFO | 开始重连服务器 | [NioProcessor-2] com.huir.mina.customtelnet.CustomMinaTelnet$1.sessionDestroyed(119)
[VAMS][2018-04-25 11:19:04,483] INFO | 重连服务器登录失败,3秒再连接一次    The connector has been disposed. | [NioProcessor-2] com.huir.mina.customtelnet.CustomMinaTelnet$1.sessionDestroyed(129)
[VAMS][2018-04-25 11:19:07,483] INFO | 开始重连服务器 | [NioProcessor-2] com.huir.mina.customtelnet.CustomMinaTelnet$1.sessionDestroyed(119)
[VAMS][2018-04-25 11:19:07,483] INFO | 重连服务器登录失败,3秒再连接一次    The connector has been disposed. | [NioProcessor-2] com.huir.mina.customtelnet.CustomMinaTelnet$1.sessionDestroyed(129)
[VAMS][2018-04-25 11:19:10,483] INFO | 开始重连服务器 | [NioProcessor-2] com.huir.mina.customtelnet.CustomMinaTelnet$1.sessionDestroyed(119)
[VAMS][2018-04-25 11:19:10,483] INFO | 重连服务器登录失败,3秒再连接一次    The connector has been disposed. | [NioProcessor-2] com.huir.mina.customtelnet.CustomMinaTelnet$1.sessionDestroyed(129)
[VAMS][2018-04-25 11:19:13,483] INFO | 开始重连服务器 | [NioProcessor-2] com.huir.mina.customtelnet.CustomMinaTelnet$1.sessionDestroyed(119)
[VAMS][2018-04-25 11:19:13,483] INFO | 重连服务器登录失败,3秒再连接一次    The connector has been disposed. | [NioProcessor-2] com.huir.mina.customtelnet.CustomMinaTelnet$1.sessionDestroyed(129)
[VAMS][2018-04-25 11:19:16,483] INFO | 开始重连服务器 | [NioProcessor-2] com.huir.mina.customtelnet.CustomMinaTelnet$1.sessionDestroyed(119)
[VAMS][2018-04-25 11:19:16,483] INFO | 重连服务器登录失败,3秒再连接一次    The connector has been disposed. | [NioProcessor-2] com.huir.mina.customtelnet.CustomMinaTelnet$1.sessionDestroyed(129)
[VAMS][2018-04-25 11:19:19,484] INFO | 开始重连服务器 | [NioProcessor-2] com.huir.mina.customtelnet.CustomMinaTelnet$1.sessionDestroyed(119)
[VAMS][2018-04-25 11:19:19,484] INFO | 重连服务器登录失败,3秒再连接一次    The connector has been disposed. | [NioProcessor-2] com.huir.mina.customtelnet.CustomMinaTelnet$1.sessionDestroyed(129)
[VAMS][2018-04-25 11:19:22,484] INFO | 开始重连服务器 | [NioProcessor-2] com.huir.mina.customtelnet.CustomMinaTelnet$1.sessionDestroyed(119)
[VAMS][2018-04-25 11:19:22,484] INFO | 重连服务器登录失败,3秒再连接一次    The connector has been disposed. | [NioProcessor-2] com.huir.mina.customtelnet.CustomMinaTelnet$1.sessionDestroyed(129)
[VAMS][2018-04-25 11:19:25,484] INFO | 开始重连服务器 | [NioProcessor-2] com.huir.mina.customtelnet.CustomMinaTelnet$1.sessionDestroyed(119)
[VAMS][2018-04-25 11:19:25,484] INFO | 重连服务器登录失败,3秒再连接一次    The connector has been disposed. | [NioProcessor-2] com.huir.mina.customtelnet.CustomMinaTelnet$1.sessionDestroyed(129)
[VAMS][2018-04-25 11:19:28,484] INFO | 开始重连服务器 | [NioProcessor-2] com.huir.mina.customtelnet.CustomMinaTelnet$1.sessionDestroyed(119)
[VAMS][2018-04-25 11:19:28,484] INFO | 重连服务器登录失败,3秒再连接一次    The connector has been disposed. | [NioProcessor-2] com.huir.mina.customtelnet.CustomMinaTelnet$1.sessionDestroyed(129)
[VAMS][2018-04-25 11:19:31,484] INFO | 开始重连服务器 | [NioProcessor-2] com.huir.mina.customtelnet.CustomMinaTelnet$1.sessionDestroyed(119)
[VAMS][2018-04-25 11:19:31,484] INFO | 重连服务器登录失败,3秒再连接一次    The connector has been disposed. | [NioProcessor-2] com.huir.mina.customtelnet.CustomMinaTelnet$1.sessionDestroyed(129)
[VAMS][2018-04-25 11:19:34,485] INFO | 开始重连服务器 | [NioProcessor-2] com.huir.mina.customtelnet.CustomMinaTelnet$1.sessionDestroyed(119)
[VAMS][2018-04-25 11:19:34,485] INFO | 重连服务器登录失败,3秒再连接一次    The connector has been disposed. | [NioProcessor-2] com.huir.mina.customtelnet.CustomMinaTelnet$1.sessionDestroyed(129)
[VAMS][2018-04-25 11:19:37,485] INFO | 开始重连服务器 | [NioProcessor-2] com.huir.mina.customtelnet.CustomMinaTelnet$1.sessionDestroyed(119)
[VAMS][2018-04-25 11:19:37,485] INFO | 重连服务器登录失败,3秒再连接一次    The connector has been disposed. | [NioProcessor-2] com.huir.mina.customtelnet.CustomMinaTelnet$1.sessionDestroyed(129)
[VAMS][2018-04-25 11:19:40,485] INFO | 开始重连服务器 | [NioProcessor-2] com.huir.mina.customtelnet.CustomMinaTelnet$1.sessionDestroyed(119)
[VAMS][2018-04-25 11:19:40,485] INFO | 重连服务器登录失败,3秒再连接一次    The connector has been disposed. | [NioProcessor-2] com.huir.mina.customtelnet.CustomMinaTelnet$1.sessionDestroyed(129)
[VAMS][2018-04-25 11:20:13,759] INFO | 初始化成功...... | [main] com.huir.mina.customservice.CustomMinaService.main(37)
[VAMS][2018-04-25 11:20:19,643] INFO | 开始连接服务器...... | [main] com.huir.mina.customtelnet.CustomMinaTelnet.connection(117)
[VAMS][2018-04-25 11:20:19,655] INFO | session (0x00000001: nio socket, client, /127.0.0.1:53640 => /127.0.0.1:7485) | [main] com.huir.mina.customtelnet.CustomMinaTelnet.connection(123)
[VAMS][2018-04-25 11:20:19,657] INFO | 12;Telnet:发送请求连接消息;15  ---------------> 12;Telnet:发送请求连接消息;15 | [main] com.huir.mina.service.customcodefactory.CustomEnCode.encode(24)
[VAMS][2018-04-25 11:20:19,659] INFO | 断开连接 | [NioProcessor-2] com.huir.mina.customtelnet.CustomTelnetHandler.sessionClosed(54)
[VAMS][2018-04-25 11:20:22,660] INFO | 开始重连服务器 | [NioProcessor-2] com.huir.mina.customtelnet.CustomMinaTelnet$1.sessionDestroyed(58)
[VAMS][2018-04-25 11:20:22,661] INFO | 重连成功!!   ip [/127.0.0.1]  host[7485] | [NioProcessor-2] com.huir.mina.customtelnet.CustomMinaTelnet$1.sessionDestroyed(64)
[VAMS][2018-04-25 11:20:42,662] INFO | 为了生存 ----客户端主动发送心跳包 | [NioProcessor-3] com.huir.mina.customtelnet.HreatBeat.getRequest(19)
[VAMS][2018-04-25 11:20:42,662] INFO | 14;客户端发送心跳包;8  ---------------> 14;客户端发送心跳包;8 | [NioProcessor-3] com.huir.mina.service.customcodefactory.CustomEnCode.encode(24)
[VAMS][2018-04-25 11:20:42,663] INFO | -客户端与服务端连接[空闲] - both idle | [NioProcessor-3] com.huir.mina.customtelnet.CustomTelnetHandler.sessionIdle(64)
[VAMS][2018-04-25 11:20:42,663] INFO | 客户端发送心跳包 ------》  14;客户端发送心跳包;8 | [NioProcessor-3] com.huir.mina.customtelnet.HreatBeat.isRequest(38)
[VAMS][2018-04-25 11:20:42,663] INFO | 断开连接 | [NioProcessor-3] com.huir.mina.customtelnet.CustomTelnetHandler.sessionClosed(54)
[VAMS][2018-04-25 11:20:45,665] INFO | 开始重连服务器 | [NioProcessor-3] com.huir.mina.customtelnet.CustomMinaTelnet$1.sessionDestroyed(58)
[VAMS][2018-04-25 11:20:45,666] INFO | 重连成功!!   ip [/127.0.0.1]  host[7485] | [NioProcessor-3] com.huir.mina.customtelnet.CustomMinaTelnet$1.sessionDestroyed(64)
[VAMS][2018-04-25 11:21:05,667] INFO | 为了生存 ----客户端主动发送心跳包 | [NioProcessor-4] com.huir.mina.customtelnet.HreatBeat.getRequest(19)
[VAMS][2018-04-25 11:21:05,667] INFO | 14;客户端发送心跳包;8  ---------------> 14;客户端发送心跳包;8 | [NioProcessor-4] com.huir.mina.service.customcodefactory.CustomEnCode.encode(24)
[VAMS][2018-04-25 11:21:05,668] INFO | -客户端与服务端连接[空闲] - both idle | [NioProcessor-4] com.huir.mina.customtelnet.CustomTelnetHandler.sessionIdle(64)
[VAMS][2018-04-25 11:21:05,668] INFO | 客户端发送心跳包 ------》  14;客户端发送心跳包;8 | [NioProcessor-4] com.huir.mina.customtelnet.HreatBeat.isRequest(38)
[VAMS][2018-04-25 11:21:05,668] INFO | 断开连接 | [NioProcessor-4] com.huir.mina.customtelnet.CustomTelnetHandler.sessionClosed(54)
[VAMS][2018-04-25 11:21:08,672] INFO | 开始重连服务器 | [NioProcessor-4] com.huir.mina.customtelnet.CustomMinaTelnet$1.sessionDestroyed(58)
[VAMS][2018-04-25 11:21:08,672] INFO | 重连成功!!   ip [/127.0.0.1]  host[7485] | [NioProcessor-4] com.huir.mina.customtelnet.CustomMinaTelnet$1.sessionDestroyed(64)
[VAMS][2018-04-25 11:21:25,440] INFO | 捕获异常:远程主机强迫关闭了一个现有的连接.... | [NioProcessor-5] com.huir.mina.customservice.CustomServiceHandler.exceptionCaught(17)
[VAMS][2018-04-25 11:21:25,456] INFO | sessionClosed !!! | [NioProcessor-5] com.huir.mina.customservice.CustomServiceHandler.sessionClosed(55)
[VAMS][2018-04-25 11:21:30,531] INFO | 开始连接服务器...... | [main] com.huir.mina.customtelnet.CustomMinaTelnet.connection(117)
[VAMS][2018-04-25 11:21:30,546] INFO | session (0x00000001: nio socket, client, /127.0.0.1:53680 => /127.0.0.1:7485) | [main] com.huir.mina.customtelnet.CustomMinaTelnet.connection(123)
[VAMS][2018-04-25 11:21:30,546] INFO | 12;Telnet:发送请求连接消息;15  ---------------> 12;Telnet:发送请求连接消息;15 | [main] com.huir.mina.service.customcodefactory.CustomEnCode.encode(24)
[VAMS][2018-04-25 11:21:50,755] INFO | 为了生存 ----客户端主动发送心跳包 | [NioProcessor-2] com.huir.mina.customtelnet.HreatBeat.getRequest(19)
[VAMS][2018-04-25 11:21:50,755] INFO | 14;客户端发送心跳包;8  ---------------> 14;客户端发送心跳包;8 | [NioProcessor-2] com.huir.mina.service.customcodefactory.CustomEnCode.encode(24)
[VAMS][2018-04-25 11:21:50,755] INFO | -客户端与服务端连接[空闲] - both idle | [NioProcessor-2] com.huir.mina.customtelnet.CustomTelnetHandler.sessionIdle(64)
[VAMS][2018-04-25 11:21:59,285] INFO | 捕获异常:远程主机强迫关闭了一个现有的连接.... | [NioProcessor-6] com.huir.mina.customservice.CustomServiceHandler.exceptionCaught(17)
[VAMS][2018-04-25 11:21:59,285] INFO | sessionClosed !!! | [NioProcessor-6] com.huir.mina.customservice.CustomServiceHandler.sessionClosed(55)
[VAMS][2018-04-25 11:23:06,824] INFO | 初始化成功...... | [main] com.huir.mina.customservice.CustomMinaService.main(37)
[VAMS][2018-04-25 11:23:13,712] INFO | 开始连接服务器...... | [main] com.huir.mina.customtelnet.CustomMinaTelnet.connection(117)
[VAMS][2018-04-25 11:23:13,728] INFO | session (0x00000001: nio socket, client, /127.0.0.1:53733 => /127.0.0.1:7485) | [main] com.huir.mina.customtelnet.CustomMinaTelnet.connection(123)
[VAMS][2018-04-25 11:23:13,728] INFO | 12;Telnet:发送请求连接消息;15  ---------------> 12;Telnet:发送请求连接消息;15 | [main] com.huir.mina.service.customcodefactory.CustomEnCode.encode(24)
[VAMS][2018-04-25 11:23:33,874] INFO | 为了生存 ----客户端主动发送心跳包 | [NioProcessor-2] com.huir.mina.customtelnet.HreatBeat.getRequest(19)
[VAMS][2018-04-25 11:23:33,874] INFO | 14;客户端发送心跳包;8  ---------------> 14;客户端发送心跳包;8 | [NioProcessor-2] com.huir.mina.service.customcodefactory.CustomEnCode.encode(24)
[VAMS][2018-04-25 11:23:33,874] INFO | -客户端与服务端连接[空闲] - both idle | [NioProcessor-2] com.huir.mina.customtelnet.CustomTelnetHandler.sessionIdle(58)
[VAMS][2018-04-25 11:23:43,982] INFO | -客户端与服务端连接[空闲] - reader idle | [NioProcessor-2] com.huir.mina.customtelnet.CustomTelnetHandler.sessionIdle(58)
[VAMS][2018-04-25 11:24:14,274] WARN | A keep-alive response message was not received within 30 second(s). | [NioProcessor-2] org.apache.mina.filter.keepalive.KeepAliveRequestTimeoutHandler$2.keepAliveRequestTimedOut(49)
[VAMS][2018-04-25 11:24:14,274] INFO | -客户端与服务端连接[空闲] - reader idle | [NioProcessor-2] com.huir.mina.customtelnet.CustomTelnetHandler.sessionIdle(58)
[VAMS][2018-04-25 11:24:14,274] INFO | 断开连接 | [NioProcessor-2] com.huir.mina.customtelnet.CustomTelnetHandler.sessionClosed(48)
[VAMS][2018-04-25 11:24:17,294] INFO | 开始重连服务器 | [NioProcessor-2] com.huir.mina.customtelnet.CustomMinaTelnet$1.sessionDestroyed(58)
[VAMS][2018-04-25 11:24:17,294] INFO | 重连成功!!   ip [/127.0.0.1]  host[7485] | [NioProcessor-2] com.huir.mina.customtelnet.CustomMinaTelnet$1.sessionDestroyed(64)
[VAMS][2018-04-25 11:24:37,462] INFO | 为了生存 ----客户端主动发送心跳包 | [NioProcessor-3] com.huir.mina.customtelnet.HreatBeat.getRequest(19)
[VAMS][2018-04-25 11:24:37,462] INFO | 14;客户端发送心跳包;8  ---------------> 14;客户端发送心跳包;8 | [NioProcessor-3] com.huir.mina.service.customcodefactory.CustomEnCode.encode(24)
[VAMS][2018-04-25 11:24:37,462] INFO | -客户端与服务端连接[空闲] - both idle | [NioProcessor-3] com.huir.mina.customtelnet.CustomTelnetHandler.sessionIdle(58)
[VAMS][2018-04-25 11:24:47,557] INFO | -客户端与服务端连接[空闲] - reader idle | [NioProcessor-3] com.huir.mina.customtelnet.CustomTelnetHandler.sessionIdle(58)
[VAMS][2018-04-25 11:25:03,003] INFO | 捕获异常:远程主机强迫关闭了一个现有的连接.... | [NioProcessor-3] com.huir.mina.customservice.CustomServiceHandler.exceptionCaught(17)
[VAMS][2018-04-25 11:25:03,003] INFO | sessionClosed !!! | [NioProcessor-3] com.huir.mina.customservice.CustomServiceHandler.sessionClosed(55)
[VAMS][2018-04-25 11:27:08,278] INFO | 初始化成功......  开始监听端口:7485 | [main] com.huir.mina.customservice.CustomMinaService.main(37)
[VAMS][2018-04-25 11:27:15,401] INFO | 12;Telnet:发送请求连接消息;15  ---------------> 12;Telnet:发送请求连接消息;15 | [main] com.huir.mina.service.customcodefactory.CustomEnCode.encode(24)
[VAMS][2018-04-25 11:28:15,412] INFO | 为了生存 ----客户端主动发送心跳包 | [NioProcessor-2] com.huir.mina.customtelnet.HreatBeat.getRequest(19)
[VAMS][2018-04-25 11:28:15,414] INFO | 14;客户端发送心跳包;8  ---------------> 14;客户端发送心跳包;8 | [NioProcessor-2] com.huir.mina.service.customcodefactory.CustomEnCode.encode(24)
[VAMS][2018-04-25 11:28:15,415] INFO | -客户端与服务端连接[空闲] - both idle | [NioProcessor-2] com.huir.mina.customtelnet.CustomTelnetHandler.sessionIdle(58)
[VAMS][2018-04-25 11:28:15,417] INFO | -客户端与服务端连接[空闲] - reader idle | [NioProcessor-2] com.huir.mina.customtelnet.CustomTelnetHandler.sessionIdle(58)
[VAMS][2018-04-25 11:28:15,428] INFO | 断开连接 | [NioProcessor-2] com.huir.mina.customtelnet.CustomTelnetHandler.sessionClosed(48)
[VAMS][2018-04-25 11:30:23,021] INFO | 初始化成功......  开始监听端口:7485 | [main] com.huir.mina.customservice.CustomMinaService.main(37)
[VAMS][2018-04-25 11:30:26,660] INFO | 12;Telnet:发送请求连接消息;15  ---------------> 12;Telnet:发送请求连接消息;15 | [main] com.huir.mina.service.customcodefactory.CustomEnCode.encode(24)
[VAMS][2018-04-25 11:31:26,671] INFO | 为了生存 ----客户端主动发送心跳包 | [NioProcessor-2] com.huir.mina.customtelnet.HreatBeat.getRequest(19)
[VAMS][2018-04-25 11:31:26,671] INFO | 14;客户端发送心跳包;8  ---------------> 14;客户端发送心跳包;8 | [NioProcessor-2] com.huir.mina.service.customcodefactory.CustomEnCode.encode(24)
[VAMS][2018-04-25 11:31:26,672] INFO | -客户端与服务端连接[空闲] - both idle | [NioProcessor-2] com.huir.mina.customtelnet.CustomTelnetHandler.sessionIdle(58)
[VAMS][2018-04-25 11:31:26,672] INFO | -客户端与服务端连接[空闲] - reader idle | [NioProcessor-2] com.huir.mina.customtelnet.CustomTelnetHandler.sessionIdle(58)
[VAMS][2018-04-25 11:31:26,675] INFO | 断开连接 | [NioProcessor-2] com.huir.mina.customtelnet.CustomTelnetHandler.sessionClosed(48)
[VAMS][2018-04-25 11:31:38,026] INFO | 初始化成功......  开始监听端口:7485 | [main] com.huir.mina.customservice.CustomMinaService.main(37)
[VAMS][2018-04-25 11:31:43,949] INFO | 12;Telnet:发送请求连接消息;15  ---------------> 12;Telnet:发送请求连接消息;15 | [main] com.huir.mina.service.customcodefactory.CustomEnCode.encode(24)
[VAMS][2018-04-25 11:32:43,959] INFO | 为了生存 ----客户端主动发送心跳包 | [NioProcessor-2] com.huir.mina.customtelnet.HreatBeat.getRequest(19)
[VAMS][2018-04-25 11:32:43,961] INFO | 14;客户端发送心跳包;8  ---------------> 14;客户端发送心跳包;8 | [NioProcessor-2] com.huir.mina.service.customcodefactory.CustomEnCode.encode(24)
[VAMS][2018-04-25 11:32:43,963] INFO | -客户端与服务端连接[空闲] - both idle | [NioProcessor-2] com.huir.mina.customtelnet.CustomTelnetHandler.sessionIdle(58)
[VAMS][2018-04-25 11:32:43,964] INFO | -客户端与服务端连接[空闲] - reader idle | [NioProcessor-2] com.huir.mina.customtelnet.CustomTelnetHandler.sessionIdle(58)
[VAMS][2018-04-25 11:32:43,974] INFO | 断开连接 | [NioProcessor-2] com.huir.mina.customtelnet.CustomTelnetHandler.sessionClosed(48)
[VAMS][2018-04-25 11:35:16,419] INFO | 初始化失败...... | [main] com.huir.mina.customservice.CustomMinaService.main(39)
[VAMS][2018-04-25 11:35:22,070] INFO | 12;Telnet:发送请求连接消息;15  ---------------> 12;Telnet:发送请求连接消息;15 | [main] com.huir.mina.service.customcodefactory.CustomEnCode.encode(24)
[VAMS][2018-04-25 11:36:22,077] INFO | 为了生存 ----客户端主动发送心跳包 | [NioProcessor-2] com.huir.mina.customtelnet.HreatBeat.getRequest(19)
[VAMS][2018-04-25 11:36:22,077] INFO | 14;客户端发送心跳包;8  ---------------> 14;客户端发送心跳包;8 | [NioProcessor-2] com.huir.mina.service.customcodefactory.CustomEnCode.encode(24)
[VAMS][2018-04-25 11:36:22,078] INFO | -客户端与服务端连接[空闲] - both idle | [NioProcessor-2] com.huir.mina.customtelnet.CustomTelnetHandler.sessionIdle(58)
[VAMS][2018-04-25 11:36:22,078] INFO | -客户端与服务端连接[空闲] - reader idle | [NioProcessor-2] com.huir.mina.customtelnet.CustomTelnetHandler.sessionIdle(58)
[VAMS][2018-04-25 11:36:22,081] INFO | 断开连接 | [NioProcessor-2] com.huir.mina.customtelnet.CustomTelnetHandler.sessionClosed(48)
[VAMS][2018-04-25 11:47:52,859] INFO | 初始化成功......  开始监听端口:7485 | [main] com.huir.mina.customservice.CustomMinaService.main(37)
[VAMS][2018-04-25 11:47:58,764] INFO | 12;Telnet:发送请求连接消息;15  ---------------> 12;Telnet:发送请求连接消息;15 | [main] com.huir.mina.service.customcodefactory.CustomEnCode.encode(24)
[VAMS][2018-04-25 11:48:58,776] INFO | 为了生存 ----客户端主动发送心跳包 | [NioProcessor-2] com.huir.mina.customtelnet.HreatBeat.getRequest(19)
[VAMS][2018-04-25 11:48:58,778] INFO | 14;客户端发送心跳包;8  ---------------> 14;客户端发送心跳包;8 | [NioProcessor-2] com.huir.mina.service.customcodefactory.CustomEnCode.encode(24)
[VAMS][2018-04-25 11:48:58,780] INFO | -客户端与服务端连接[空闲] - both idle | [NioProcessor-2] com.huir.mina.customtelnet.CustomTelnetHandler.sessionIdle(58)
[VAMS][2018-04-25 11:48:58,781] INFO | -客户端与服务端连接[空闲] - reader idle | [NioProcessor-2] com.huir.mina.customtelnet.CustomTelnetHandler.sessionIdle(58)
[VAMS][2018-04-25 11:48:58,791] INFO | 断开连接 | [NioProcessor-2] com.huir.mina.customtelnet.CustomTelnetHandler.sessionClosed(48)
[VAMS][2018-04-25 11:52:34,529] INFO | 初始化成功...... | [main] com.huir.mina.customservice.CustomMinaService.main(37)
[VAMS][2018-04-25 11:52:38,919] INFO | 12;Telnet:发送请求连接消息;15  ---------------> 12;Telnet:发送请求连接消息;15 | [main] com.huir.mina.service.customcodefactory.CustomEnCode.encode(24)
[VAMS][2018-04-25 11:52:38,924] DEBUG | Processing a MESSAGE_RECEIVED for session 1 | [NioProcessor-2] org.apache.mina.filter.codec.ProtocolCodecFilter.messageReceived(213)
[VAMS][2018-04-25 11:52:38,926] INFO | messageReceived：   服务端接收到的数据 -----> Telnet:发送请求连接消息 | [NioProcessor-2] com.huir.mina.customservice.CustomServiceHandler.messageReceived(36)
[VAMS][2018-04-25 11:52:38,928] INFO | 13;Service:连接成功;12  ---------------> 13;Service:连接成功;12 | [NioProcessor-2] com.huir.mina.service.customcodefactory.CustomEnCode.encode(24)
[VAMS][2018-04-25 11:52:38,931] DEBUG | Processing a MESSAGE_RECEIVED for session 1 | [NioProcessor-2] org.apache.mina.filter.codec.ProtocolCodecFilter.messageReceived(213)
[VAMS][2018-04-25 11:52:38,933] INFO | 13 | [NioProcessor-2] com.huir.mina.customtelnet.CustomTelnetHandler.messageReceived(31)
[VAMS][2018-04-25 11:52:38,933] INFO | messageReceived：   客户端端接收到的数据 -----> Service:连接成功 | [NioProcessor-2] com.huir.mina.customtelnet.CustomTelnetHandler.messageReceived(36)
[VAMS][2018-04-25 11:52:45,541] INFO | 客户端断开连接 | [NioProcessor-2] com.huir.mina.customtelnet.CustomTelnetHandler.sessionClosed(49)
[VAMS][2018-04-25 11:52:45,541] INFO | 发送创建连接...... | [main] com.huir.mina.customtelnet.CustomMinaTelnet.main(70)
[VAMS][2018-04-25 13:35:29,030] INFO | 初始化成功...... | [main] com.huir.mina.customservice.CustomMinaService.main(37)
[VAMS][2018-04-25 13:37:17,136] INFO | 初始化成功...... | [main] com.huir.mina.customservice.CustomMinaService.main(37)
[VAMS][2018-04-25 13:38:17,422] INFO | 初始化成功...... | [main] com.huir.mina.customservice.CustomMinaService.main(37)
[VAMS][2018-04-25 13:38:20,982] INFO | 客户端连接成功..... | [main] com.huir.mina.customtelnet.CustomMinaTelnet.connection(88)
[VAMS][2018-04-25 13:38:20,986] INFO | 12;Telnet:发送请求连接消息;15  ---------------> 12;Telnet:发送请求连接消息;15 | [main] com.huir.mina.service.customcodefactory.CustomEnCode.encode(24)
[VAMS][2018-04-25 13:38:20,989] DEBUG | Processing a MESSAGE_RECEIVED for session 1 | [NioProcessor-2] org.apache.mina.filter.codec.ProtocolCodecFilter.messageReceived(213)
[VAMS][2018-04-25 13:38:20,991] INFO | messageReceived：   服务端接收到的数据 -----> Telnet:发送请求连接消息 | [NioProcessor-2] com.huir.mina.customservice.CustomServiceHandler.messageReceived(36)
[VAMS][2018-04-25 13:38:20,992] INFO | 13;Service:连接成功;12  ---------------> 13;Service:连接成功;12 | [NioProcessor-2] com.huir.mina.service.customcodefactory.CustomEnCode.encode(24)
[VAMS][2018-04-25 13:38:20,996] DEBUG | Processing a MESSAGE_RECEIVED for session 1 | [NioProcessor-2] org.apache.mina.filter.codec.ProtocolCodecFilter.messageReceived(213)
[VAMS][2018-04-25 13:38:20,997] INFO | 13 | [NioProcessor-2] com.huir.mina.customtelnet.CustomTelnetHandler.messageReceived(31)
[VAMS][2018-04-25 13:38:20,998] INFO | messageReceived：   客户端端接收到的数据 -----> Service:连接成功 | [NioProcessor-2] com.huir.mina.customtelnet.CustomTelnetHandler.messageReceived(36)
[VAMS][2018-04-25 13:39:21,004] INFO | 为了生存 ----客户端主动发送心跳包 | [NioProcessor-2] com.huir.mina.customtelnet.HreatBeat.getRequest(19)
[VAMS][2018-04-25 13:39:21,006] INFO | 14;客户端发送心跳包;8  ---------------> 14;客户端发送心跳包;8 | [NioProcessor-2] com.huir.mina.service.customcodefactory.CustomEnCode.encode(24)
[VAMS][2018-04-25 13:39:21,008] DEBUG | Processing a MESSAGE_RECEIVED for session 1 | [NioProcessor-2] org.apache.mina.filter.codec.ProtocolCodecFilter.messageReceived(213)
[VAMS][2018-04-25 13:39:21,010] INFO | ================接收到心跳包=============== | [NioProcessor-2] com.huir.mina.customservice.CustomServiceHandler.messageReceived(41)
[VAMS][2018-04-25 13:39:21,008] INFO | 客户端发送心跳包 ------》  14;客户端发送心跳包;8 | [NioProcessor-2] com.huir.mina.customtelnet.HreatBeat.isRequest(38)
[VAMS][2018-04-25 13:39:21,011] INFO | 15;服务端接收到了心跳包;10  ---------------> 15;服务端接收到了心跳包;10 | [NioProcessor-2] com.huir.mina.service.customcodefactory.CustomEnCode.encode(24)
[VAMS][2018-04-25 13:39:21,014] DEBUG | Processing a MESSAGE_RECEIVED for session 1 | [NioProcessor-2] org.apache.mina.filter.codec.ProtocolCodecFilter.messageReceived(213)
[VAMS][2018-04-25 13:39:21,015] INFO | 服务端返回心跳 --------》 : 15;服务端接收到了心跳包;10 | [NioProcessor-2] com.huir.mina.customtelnet.HreatBeat.isResponse(51)
[VAMS][2018-04-25 13:39:21,016] INFO | 服务端返回心跳 --------》 : 15;服务端接收到了心跳包;10 | [NioProcessor-2] com.huir.mina.customtelnet.HreatBeat.isResponse(51)
[VAMS][2018-04-25 13:40:21,021] INFO | 为了生存 ----客户端主动发送心跳包 | [NioProcessor-2] com.huir.mina.customtelnet.HreatBeat.getRequest(19)
[VAMS][2018-04-25 13:40:21,022] INFO | 14;客户端发送心跳包;8  ---------------> 14;客户端发送心跳包;8 | [NioProcessor-2] com.huir.mina.service.customcodefactory.CustomEnCode.encode(24)
[VAMS][2018-04-25 13:40:21,024] INFO | 客户端发送心跳包 ------》  14;客户端发送心跳包;8 | [NioProcessor-2] com.huir.mina.customtelnet.HreatBeat.isRequest(38)
[VAMS][2018-04-25 13:40:21,025] DEBUG | Processing a MESSAGE_RECEIVED for session 1 | [NioProcessor-2] org.apache.mina.filter.codec.ProtocolCodecFilter.messageReceived(213)
[VAMS][2018-04-25 13:40:21,027] INFO | ================接收到心跳包=============== | [NioProcessor-2] com.huir.mina.customservice.CustomServiceHandler.messageReceived(41)
[VAMS][2018-04-25 13:40:21,028] INFO | 15;服务端接收到了心跳包;10  ---------------> 15;服务端接收到了心跳包;10 | [NioProcessor-2] com.huir.mina.service.customcodefactory.CustomEnCode.encode(24)
[VAMS][2018-04-25 13:40:21,031] DEBUG | Processing a MESSAGE_RECEIVED for session 1 | [NioProcessor-2] org.apache.mina.filter.codec.ProtocolCodecFilter.messageReceived(213)
[VAMS][2018-04-25 13:40:21,032] INFO | 服务端返回心跳 --------》 : 15;服务端接收到了心跳包;10 | [NioProcessor-2] com.huir.mina.customtelnet.HreatBeat.isResponse(51)
[VAMS][2018-04-25 13:40:21,033] INFO | 服务端返回心跳 --------》 : 15;服务端接收到了心跳包;10 | [NioProcessor-2] com.huir.mina.customtelnet.HreatBeat.isResponse(51)
[VAMS][2018-04-25 13:41:15,603] INFO | 客户端断开连接 | [NioProcessor-2] com.huir.mina.customtelnet.CustomTelnetHandler.sessionClosed(49)
[VAMS][2018-04-25 13:41:19,611] INFO | 重连服务器登录失败,3秒再连接一次 | [NioProcessor-2] com.huir.mina.customtelnet.CustomMinaTelnet$1.sessionDestroyed(72)
[VAMS][2018-04-25 13:41:23,613] INFO | 重连服务器登录失败,3秒再连接一次 | [NioProcessor-2] com.huir.mina.customtelnet.CustomMinaTelnet$1.sessionDestroyed(72)
[VAMS][2018-04-25 13:41:27,616] INFO | 重连服务器登录失败,3秒再连接一次 | [NioProcessor-2] com.huir.mina.customtelnet.CustomMinaTelnet$1.sessionDestroyed(72)
[VAMS][2018-04-25 13:41:30,555] INFO | 初始化成功...... | [main] com.huir.mina.customservice.CustomMinaService.main(37)
[VAMS][2018-04-25 13:41:30,634] INFO | 重连成功!!   ip[127.0.0.1]   host[7485] | [NioProcessor-2] com.huir.mina.customtelnet.CustomMinaTelnet$1.sessionDestroyed(68)
[VAMS][2018-04-25 13:42:30,623] INFO | 为了生存 ----客户端主动发送心跳包 | [NioProcessor-3] com.huir.mina.customtelnet.HreatBeat.getRequest(19)
[VAMS][2018-04-25 13:42:30,624] INFO | 14;客户端发送心跳包;8  ---------------> 14;客户端发送心跳包;8 | [NioProcessor-3] com.huir.mina.service.customcodefactory.CustomEnCode.encode(24)
[VAMS][2018-04-25 13:42:30,626] INFO | 客户端发送心跳包 ------》  14;客户端发送心跳包;8 | [NioProcessor-3] com.huir.mina.customtelnet.HreatBeat.isRequest(38)
[VAMS][2018-04-25 13:42:30,632] DEBUG | Processing a MESSAGE_RECEIVED for session 1 | [NioProcessor-2] org.apache.mina.filter.codec.ProtocolCodecFilter.messageReceived(213)
[VAMS][2018-04-25 13:42:30,639] INFO | ================接收到心跳包=============== | [NioProcessor-2] com.huir.mina.customservice.CustomServiceHandler.messageReceived(41)
[VAMS][2018-04-25 13:42:30,648] INFO | 15;服务端接收到了心跳包;10  ---------------> 15;服务端接收到了心跳包;10 | [NioProcessor-2] com.huir.mina.service.customcodefactory.CustomEnCode.encode(24)
[VAMS][2018-04-25 13:42:30,657] DEBUG | Processing a MESSAGE_RECEIVED for session 2 | [NioProcessor-3] org.apache.mina.filter.codec.ProtocolCodecFilter.messageReceived(213)
[VAMS][2018-04-25 13:42:30,658] INFO | 服务端返回心跳 --------》 : 15;服务端接收到了心跳包;10 | [NioProcessor-3] com.huir.mina.customtelnet.HreatBeat.isResponse(51)
[VAMS][2018-04-25 13:42:30,659] INFO | 服务端返回心跳 --------》 : 15;服务端接收到了心跳包;10 | [NioProcessor-3] com.huir.mina.customtelnet.HreatBeat.isResponse(51)
[VAMS][2018-04-25 13:43:30,664] INFO | 为了生存 ----客户端主动发送心跳包 | [NioProcessor-3] com.huir.mina.customtelnet.HreatBeat.getRequest(19)
[VAMS][2018-04-25 13:43:30,665] INFO | 14;客户端发送心跳包;8  ---------------> 14;客户端发送心跳包;8 | [NioProcessor-3] com.huir.mina.service.customcodefactory.CustomEnCode.encode(24)
[VAMS][2018-04-25 13:43:30,667] INFO | 客户端发送心跳包 ------》  14;客户端发送心跳包;8 | [NioProcessor-3] com.huir.mina.customtelnet.HreatBeat.isRequest(38)
[VAMS][2018-04-25 13:43:30,668] DEBUG | Processing a MESSAGE_RECEIVED for session 1 | [NioProcessor-2] org.apache.mina.filter.codec.ProtocolCodecFilter.messageReceived(213)
[VAMS][2018-04-25 13:43:30,669] INFO | ================接收到心跳包=============== | [NioProcessor-2] com.huir.mina.customservice.CustomServiceHandler.messageReceived(41)
[VAMS][2018-04-25 13:43:30,670] INFO | 15;服务端接收到了心跳包;10  ---------------> 15;服务端接收到了心跳包;10 | [NioProcessor-2] com.huir.mina.service.customcodefactory.CustomEnCode.encode(24)
[VAMS][2018-04-25 13:43:30,672] DEBUG | Processing a MESSAGE_RECEIVED for session 2 | [NioProcessor-3] org.apache.mina.filter.codec.ProtocolCodecFilter.messageReceived(213)
[VAMS][2018-04-25 13:43:30,673] INFO | 服务端返回心跳 --------》 : 15;服务端接收到了心跳包;10 | [NioProcessor-3] com.huir.mina.customtelnet.HreatBeat.isResponse(51)
[VAMS][2018-04-25 13:43:30,674] INFO | 服务端返回心跳 --------》 : 15;服务端接收到了心跳包;10 | [NioProcessor-3] com.huir.mina.customtelnet.HreatBeat.isResponse(51)
[VAMS][2018-04-25 13:44:30,678] INFO | 为了生存 ----客户端主动发送心跳包 | [NioProcessor-3] com.huir.mina.customtelnet.HreatBeat.getRequest(19)
[VAMS][2018-04-25 13:44:30,679] INFO | 14;客户端发送心跳包;8  ---------------> 14;客户端发送心跳包;8 | [NioProcessor-3] com.huir.mina.service.customcodefactory.CustomEnCode.encode(24)
[VAMS][2018-04-25 13:44:30,681] INFO | 客户端发送心跳包 ------》  14;客户端发送心跳包;8 | [NioProcessor-3] com.huir.mina.customtelnet.HreatBeat.isRequest(38)
[VAMS][2018-04-25 13:44:30,681] DEBUG | Processing a MESSAGE_RECEIVED for session 1 | [NioProcessor-2] org.apache.mina.filter.codec.ProtocolCodecFilter.messageReceived(213)
[VAMS][2018-04-25 13:44:30,683] INFO | ================接收到心跳包=============== | [NioProcessor-2] com.huir.mina.customservice.CustomServiceHandler.messageReceived(41)
[VAMS][2018-04-25 13:44:30,684] INFO | 15;服务端接收到了心跳包;10  ---------------> 15;服务端接收到了心跳包;10 | [NioProcessor-2] com.huir.mina.service.customcodefactory.CustomEnCode.encode(24)
[VAMS][2018-04-25 13:44:30,686] DEBUG | Processing a MESSAGE_RECEIVED for session 2 | [NioProcessor-3] org.apache.mina.filter.codec.ProtocolCodecFilter.messageReceived(213)
[VAMS][2018-04-25 13:44:30,688] INFO | 服务端返回心跳 --------》 : 15;服务端接收到了心跳包;10 | [NioProcessor-3] com.huir.mina.customtelnet.HreatBeat.isResponse(51)
[VAMS][2018-04-25 13:44:30,688] INFO | 服务端返回心跳 --------》 : 15;服务端接收到了心跳包;10 | [NioProcessor-3] com.huir.mina.customtelnet.HreatBeat.isResponse(51)
[VAMS][2018-04-25 13:45:12,537] INFO | 服务器断开连接 | [NioProcessor-2] com.huir.mina.customservice.CustomServiceHandler.sessionClosed(55)
[VAMS][2018-04-25 16:18:28,389] INFO | 初始化成功...... | [main] com.huir.mina.customservice.CustomMinaService.main(37)
[VAMS][2018-04-25 16:18:34,281] INFO | 客户端连接成功..... | [main] com.huir.mina.customtelnet.CustomMinaTelnet.connection(86)
[VAMS][2018-04-25 16:18:34,285] INFO | 12;Telnet:发送请求连接消息;15  ---------------> 12;Telnet:发送请求连接消息;15 | [main] com.huir.mina.service.customcodefactory.CustomEnCode.encode(24)
[VAMS][2018-04-25 16:18:34,288] DEBUG | Processing a MESSAGE_RECEIVED for session 1 | [NioProcessor-2] org.apache.mina.filter.codec.ProtocolCodecFilter.messageReceived(213)
[VAMS][2018-04-25 16:18:34,290] INFO | messageReceived：   服务端接收到的数据 -----> Telnet:发送请求连接消息 | [NioProcessor-2] com.huir.mina.customservice.CustomServiceHandler.messageReceived(36)
[VAMS][2018-04-25 16:18:34,293] INFO | 13;Service:连接成功;12  ---------------> 13;Service:连接成功;12 | [NioProcessor-2] com.huir.mina.service.customcodefactory.CustomEnCode.encode(24)
[VAMS][2018-04-25 16:18:34,296] DEBUG | Processing a MESSAGE_RECEIVED for session 1 | [NioProcessor-2] org.apache.mina.filter.codec.ProtocolCodecFilter.messageReceived(213)
[VAMS][2018-04-25 16:18:34,298] INFO | 13 | [NioProcessor-2] com.huir.mina.customtelnet.CustomTelnetHandler.messageReceived(31)
[VAMS][2018-04-25 16:18:34,298] INFO | messageReceived：   客户端端接收到的数据 -----> Service:连接成功   msgLength 12 | [NioProcessor-2] com.huir.mina.customtelnet.CustomTelnetHandler.messageReceived(36)
[VAMS][2018-04-25 16:18:54,301] INFO | 为了生存 ----客户端主动发送心跳包 | [NioProcessor-2] com.huir.mina.customtelnet.HreatBeat.getRequest(19)
[VAMS][2018-04-25 16:18:54,302] INFO | 14;客户端发送心跳包;8  ---------------> 14;客户端发送心跳包;8 | [NioProcessor-2] com.huir.mina.service.customcodefactory.CustomEnCode.encode(24)
[VAMS][2018-04-25 16:18:54,304] INFO | 客户端发送心跳包 ------》  14;客户端发送心跳包;8 | [NioProcessor-2] com.huir.mina.customtelnet.HreatBeat.isRequest(38)
[VAMS][2018-04-25 16:18:54,306] DEBUG | Processing a MESSAGE_RECEIVED for session 1 | [NioProcessor-2] org.apache.mina.filter.codec.ProtocolCodecFilter.messageReceived(213)
[VAMS][2018-04-25 16:18:54,308] INFO | ================接收到心跳包=============== | [NioProcessor-2] com.huir.mina.customservice.CustomServiceHandler.messageReceived(41)
[VAMS][2018-04-25 16:18:54,309] INFO | 15;服务端接收到了心跳包;10  ---------------> 15;服务端接收到了心跳包;10 | [NioProcessor-2] com.huir.mina.service.customcodefactory.CustomEnCode.encode(24)
[VAMS][2018-04-25 16:18:54,311] DEBUG | Processing a MESSAGE_RECEIVED for session 1 | [NioProcessor-2] org.apache.mina.filter.codec.ProtocolCodecFilter.messageReceived(213)
[VAMS][2018-04-25 16:18:54,312] INFO | 服务端返回心跳 --------》 : 15;服务端接收到了心跳包;10 | [NioProcessor-2] com.huir.mina.customtelnet.HreatBeat.isResponse(51)
[VAMS][2018-04-25 16:18:54,313] INFO | 服务端返回心跳 --------》 : 15;服务端接收到了心跳包;10 | [NioProcessor-2] com.huir.mina.customtelnet.HreatBeat.isResponse(51)
[VAMS][2018-04-25 16:19:14,318] INFO | 为了生存 ----客户端主动发送心跳包 | [NioProcessor-2] com.huir.mina.customtelnet.HreatBeat.getRequest(19)
[VAMS][2018-04-25 16:19:14,319] INFO | 14;客户端发送心跳包;8  ---------------> 14;客户端发送心跳包;8 | [NioProcessor-2] com.huir.mina.service.customcodefactory.CustomEnCode.encode(24)
[VAMS][2018-04-25 16:19:14,321] INFO | 客户端发送心跳包 ------》  14;客户端发送心跳包;8 | [NioProcessor-2] com.huir.mina.customtelnet.HreatBeat.isRequest(38)
[VAMS][2018-04-25 16:19:14,321] DEBUG | Processing a MESSAGE_RECEIVED for session 1 | [NioProcessor-2] org.apache.mina.filter.codec.ProtocolCodecFilter.messageReceived(213)
[VAMS][2018-04-25 16:19:14,323] INFO | ================接收到心跳包=============== | [NioProcessor-2] com.huir.mina.customservice.CustomServiceHandler.messageReceived(41)
[VAMS][2018-04-25 16:19:14,324] INFO | 15;服务端接收到了心跳包;10  ---------------> 15;服务端接收到了心跳包;10 | [NioProcessor-2] com.huir.mina.service.customcodefactory.CustomEnCode.encode(24)
[VAMS][2018-04-25 16:19:14,326] DEBUG | Processing a MESSAGE_RECEIVED for session 1 | [NioProcessor-2] org.apache.mina.filter.codec.ProtocolCodecFilter.messageReceived(213)
[VAMS][2018-04-25 16:19:14,327] INFO | 服务端返回心跳 --------》 : 15;服务端接收到了心跳包;10 | [NioProcessor-2] com.huir.mina.customtelnet.HreatBeat.isResponse(51)
[VAMS][2018-04-25 16:19:14,328] INFO | 服务端返回心跳 --------》 : 15;服务端接收到了心跳包;10 | [NioProcessor-2] com.huir.mina.customtelnet.HreatBeat.isResponse(51)
[VAMS][2018-04-25 16:19:34,330] INFO | 为了生存 ----客户端主动发送心跳包 | [NioProcessor-2] com.huir.mina.customtelnet.HreatBeat.getRequest(19)
[VAMS][2018-04-25 16:19:34,331] INFO | 14;客户端发送心跳包;8  ---------------> 14;客户端发送心跳包;8 | [NioProcessor-2] com.huir.mina.service.customcodefactory.CustomEnCode.encode(24)
[VAMS][2018-04-25 16:19:34,333] INFO | 客户端发送心跳包 ------》  14;客户端发送心跳包;8 | [NioProcessor-2] com.huir.mina.customtelnet.HreatBeat.isRequest(38)
[VAMS][2018-04-25 16:19:34,333] DEBUG | Processing a MESSAGE_RECEIVED for session 1 | [NioProcessor-2] org.apache.mina.filter.codec.ProtocolCodecFilter.messageReceived(213)
[VAMS][2018-04-25 16:19:34,335] INFO | ================接收到心跳包=============== | [NioProcessor-2] com.huir.mina.customservice.CustomServiceHandler.messageReceived(41)
[VAMS][2018-04-25 16:19:34,336] INFO | 15;服务端接收到了心跳包;10  ---------------> 15;服务端接收到了心跳包;10 | [NioProcessor-2] com.huir.mina.service.customcodefactory.CustomEnCode.encode(24)
[VAMS][2018-04-25 16:19:34,338] DEBUG | Processing a MESSAGE_RECEIVED for session 1 | [NioProcessor-2] org.apache.mina.filter.codec.ProtocolCodecFilter.messageReceived(213)
[VAMS][2018-04-25 16:19:34,339] INFO | 服务端返回心跳 --------》 : 15;服务端接收到了心跳包;10 | [NioProcessor-2] com.huir.mina.customtelnet.HreatBeat.isResponse(51)
[VAMS][2018-04-25 16:19:34,340] INFO | 服务端返回心跳 --------》 : 15;服务端接收到了心跳包;10 | [NioProcessor-2] com.huir.mina.customtelnet.HreatBeat.isResponse(51)
[VAMS][2018-04-25 16:19:35,960] INFO | 客户端断开连接 | [NioProcessor-2] com.huir.mina.customtelnet.CustomTelnetHandler.sessionClosed(49)
[VAMS][2018-04-25 16:19:39,967] INFO | 重连服务器登录失败,3秒再连接一次 | [NioProcessor-2] com.huir.mina.customtelnet.CustomMinaTelnet$1.sessionDestroyed(70)
[VAMS][2018-04-25 16:19:43,965] INFO | 重连服务器登录失败,3秒再连接一次 | [NioProcessor-2] com.huir.mina.customtelnet.CustomMinaTelnet$1.sessionDestroyed(70)
[VAMS][2018-04-25 16:19:47,967] INFO | 重连服务器登录失败,3秒再连接一次 | [NioProcessor-2] com.huir.mina.customtelnet.CustomMinaTelnet$1.sessionDestroyed(70)
[VAMS][2018-04-25 16:19:48,572] INFO | 初始化成功...... | [main] com.huir.mina.customservice.CustomMinaService.main(37)
[VAMS][2018-04-25 16:19:50,978] INFO | 重连成功!!   ip[127.0.0.1]   host[7485] | [NioProcessor-2] com.huir.mina.customtelnet.CustomMinaTelnet$1.sessionDestroyed(66)
[VAMS][2018-04-25 16:20:10,973] INFO | 为了生存 ----客户端主动发送心跳包 | [NioProcessor-3] com.huir.mina.customtelnet.HreatBeat.getRequest(19)
[VAMS][2018-04-25 16:20:10,974] INFO | 14;客户端发送心跳包;8  ---------------> 14;客户端发送心跳包;8 | [NioProcessor-3] com.huir.mina.service.customcodefactory.CustomEnCode.encode(24)
[VAMS][2018-04-25 16:20:10,976] INFO | 客户端发送心跳包 ------》  14;客户端发送心跳包;8 | [NioProcessor-3] com.huir.mina.customtelnet.HreatBeat.isRequest(38)
[VAMS][2018-04-25 16:20:10,982] DEBUG | Processing a MESSAGE_RECEIVED for session 1 | [NioProcessor-2] org.apache.mina.filter.codec.ProtocolCodecFilter.messageReceived(213)
[VAMS][2018-04-25 16:20:10,991] INFO | ================接收到心跳包=============== | [NioProcessor-2] com.huir.mina.customservice.CustomServiceHandler.messageReceived(41)
[VAMS][2018-04-25 16:20:11,001] INFO | 15;服务端接收到了心跳包;10  ---------------> 15;服务端接收到了心跳包;10 | [NioProcessor-2] com.huir.mina.service.customcodefactory.CustomEnCode.encode(24)
[VAMS][2018-04-25 16:20:11,010] DEBUG | Processing a MESSAGE_RECEIVED for session 2 | [NioProcessor-3] org.apache.mina.filter.codec.ProtocolCodecFilter.messageReceived(213)
[VAMS][2018-04-25 16:20:11,011] INFO | 服务端返回心跳 --------》 : 15;服务端接收到了心跳包;10 | [NioProcessor-3] com.huir.mina.customtelnet.HreatBeat.isResponse(51)
[VAMS][2018-04-25 16:20:11,012] INFO | 服务端返回心跳 --------》 : 15;服务端接收到了心跳包;10 | [NioProcessor-3] com.huir.mina.customtelnet.HreatBeat.isResponse(51)
[VAMS][2018-04-25 16:20:12,294] INFO | 客户端断开连接 | [NioProcessor-3] com.huir.mina.customtelnet.CustomTelnetHandler.sessionClosed(49)
[VAMS][2018-04-26 10:44:08,077] INFO | 初始化成功...... | [main] com.huir.mina.customservice.CustomMinaService.main(37)
[VAMS][2018-04-26 10:44:11,967] INFO | 客户端连接成功..... | [main] com.huir.mina.customtelnet.CustomMinaTelnet.connection(87)
[VAMS][2018-04-26 10:44:11,974] DEBUG | Processing a MESSAGE_RECEIVED for session 1 | [NioProcessor-2] org.apache.mina.filter.codec.ProtocolCodecFilter.messageReceived(213)
[VAMS][2018-04-26 10:44:31,975] INFO | 为了生存 ----客户端主动发送心跳包 | [NioProcessor-2] com.huir.mina.customtelnet.HreatBeat.getRequest(19)
[VAMS][2018-04-26 10:44:40,323] INFO | 服务器断开连接 | [NioProcessor-2] com.huir.mina.customservice.CustomServiceHandler.sessionClosed(66)
[VAMS][2018-04-26 10:47:10,342] INFO | 初始化成功...... | [main] com.huir.mina.customservice.CustomMinaService.main(37)
[VAMS][2018-04-26 10:47:14,425] INFO | 客户端连接成功..... | [main] com.huir.mina.customtelnet.CustomMinaTelnet.connection(86)
[VAMS][2018-04-26 10:47:14,428] INFO | 12;{"Request":"Islogin","Root":"{\"User_ID\":1,\"User_Name\":null,\"CUser_HuaName\":null,\"CUser_PWD\":null,\"Token\":null,\"LoginType\":0,\"StrErr\":\"29ac2566e3078e87e3097d3822e50d7\"}","Parameter":null,"Token":"a173850c55004309929a6a643927dd2d","Querycount":0,"Number":null,"Type":null};286  ---------------> 12;{"Request":"Islogin","Root":"{\"User_ID\":1,\"User_Name\":null,\"CUser_HuaName\":null,\"CUser_PWD\":null,\"Token\":null,\"LoginType\":0,\"StrErr\":\"29ac2566e3078e87e3097d3822e50d7\"}","Parameter":null,"Token":"a173850c55004309929a6a643927dd2d","Querycount":0,"Number":null,"Type":null};286 | [main] com.huir.mina.service.customcodefactory.CustomEnCode.encode(23)
[VAMS][2018-04-26 10:47:14,432] DEBUG | Processing a MESSAGE_RECEIVED for session 1 | [NioProcessor-2] org.apache.mina.filter.codec.ProtocolCodecFilter.messageReceived(213)
[VAMS][2018-04-26 10:47:23,907] INFO | 客户端断开连接 | [NioProcessor-2] com.huir.mina.customtelnet.CustomTelnetHandler.sessionClosed(49)
[VAMS][2018-04-26 10:47:27,918] INFO | 重连服务器登录失败,3秒再连接一次 | [NioProcessor-2] com.huir.mina.customtelnet.CustomMinaTelnet$1.sessionDestroyed(70)
[VAMS][2018-04-26 10:47:30,215] INFO | 初始化成功...... | [main] com.huir.mina.customservice.CustomMinaService.main(37)
[VAMS][2018-04-26 10:47:30,927] INFO | 重连成功!!   ip[127.0.0.1]   host[7485] | [NioProcessor-2] com.huir.mina.customtelnet.CustomMinaTelnet$1.sessionDestroyed(66)
[VAMS][2018-04-26 10:47:42,633] INFO | 客户端断开连接 | [NioProcessor-3] com.huir.mina.customtelnet.CustomTelnetHandler.sessionClosed(49)
[VAMS][2018-04-26 10:47:49,312] INFO | 初始化成功...... | [main] com.huir.mina.customservice.CustomMinaService.main(37)
[VAMS][2018-04-26 10:47:52,902] INFO | 客户端连接成功..... | [main] com.huir.mina.customtelnet.CustomMinaTelnet.connection(86)
[VAMS][2018-04-26 10:47:52,906] INFO | 12;{"Request":"Islogin","Root":"{\"User_ID\":1,\"User_Name\":null,\"CUser_HuaName\":null,\"CUser_PWD\":null,\"Token\":null,\"LoginType\":0,\"StrErr\":\"29ac2566e3078e87e3097d3822e50d7\"}","Parameter":null,"Token":"a173850c55004309929a6a643927dd2d","Querycount":0,"Number":null,"Type":null};286  ---------------> 12;{"Request":"Islogin","Root":"{\"User_ID\":1,\"User_Name\":null,\"CUser_HuaName\":null,\"CUser_PWD\":null,\"Token\":null,\"LoginType\":0,\"StrErr\":\"29ac2566e3078e87e3097d3822e50d7\"}","Parameter":null,"Token":"a173850c55004309929a6a643927dd2d","Querycount":0,"Number":null,"Type":null};286 | [main] com.huir.mina.service.customcodefactory.CustomEnCode.encode(23)
[VAMS][2018-04-26 10:47:52,910] DEBUG | Processing a MESSAGE_RECEIVED for session 1 | [NioProcessor-2] org.apache.mina.filter.codec.ProtocolCodecFilter.messageReceived(213)
[VAMS][2018-04-26 10:47:52,912] INFO | messageReceived：   服务端接收到的数据 -----> {"Request":"Islogin","Root":"{\"User_ID\":1,\"User_Name\":null,\"CUser_HuaName\":null,\"CUser_PWD\":null,\"Token\":null,\"LoginType\":0,\"StrErr\":\"29ac2566e3078e87e3097d3822e50d7\"}","Parameter":null,"Token":"a173850c55004309929a6a643927dd2d","Querycount":0,"Number":null,"Type":null} | [NioProcessor-2] com.huir.mina.customservice.CustomServiceHandler.messageReceived(36)
[VAMS][2018-04-26 10:47:52,914] INFO | 13;Service:连接成功;12  ---------------> 13;Service:连接成功;12 | [NioProcessor-2] com.huir.mina.service.customcodefactory.CustomEnCode.encode(23)
[VAMS][2018-04-26 10:47:52,917] DEBUG | Processing a MESSAGE_RECEIVED for session 1 | [NioProcessor-2] org.apache.mina.filter.codec.ProtocolCodecFilter.messageReceived(213)
[VAMS][2018-04-26 10:47:52,919] INFO | 13 | [NioProcessor-2] com.huir.mina.customtelnet.CustomTelnetHandler.messageReceived(31)
[VAMS][2018-04-26 10:47:52,919] INFO | messageReceived：   客户端端接收到的数据 -----> Service:连接成功   msgLength 12 | [NioProcessor-2] com.huir.mina.customtelnet.CustomTelnetHandler.messageReceived(36)
[VAMS][2018-04-26 10:48:12,921] INFO | 为了生存 ----客户端主动发送心跳包 | [NioProcessor-2] com.huir.mina.customtelnet.HreatBeat.getRequest(19)
[VAMS][2018-04-26 10:48:12,924] INFO | 14;客户端发送心跳包;8  ---------------> 14;客户端发送心跳包;8 | [NioProcessor-2] com.huir.mina.service.customcodefactory.CustomEnCode.encode(23)
[VAMS][2018-04-26 10:48:12,926] INFO | 客户端发送心跳包 ------》  14;客户端发送心跳包;8 | [NioProcessor-2] com.huir.mina.customtelnet.HreatBeat.isRequest(38)
[VAMS][2018-04-26 10:48:12,926] DEBUG | Processing a MESSAGE_RECEIVED for session 1 | [NioProcessor-2] org.apache.mina.filter.codec.ProtocolCodecFilter.messageReceived(213)
[VAMS][2018-04-26 10:48:12,928] INFO | ================接收到心跳包=============== | [NioProcessor-2] com.huir.mina.customservice.CustomServiceHandler.messageReceived(41)
[VAMS][2018-04-26 10:48:12,929] INFO | 15;服务端接收到了心跳包;10  ---------------> 15;服务端接收到了心跳包;10 | [NioProcessor-2] com.huir.mina.service.customcodefactory.CustomEnCode.encode(23)
[VAMS][2018-04-26 10:48:12,932] DEBUG | Processing a MESSAGE_RECEIVED for session 1 | [NioProcessor-2] org.apache.mina.filter.codec.ProtocolCodecFilter.messageReceived(213)
[VAMS][2018-04-26 10:48:12,934] INFO | 服务端返回心跳 --------》 : 15;服务端接收到了心跳包;10 | [NioProcessor-2] com.huir.mina.customtelnet.HreatBeat.isResponse(51)
[VAMS][2018-04-26 10:48:12,935] INFO | 服务端返回心跳 --------》 : 15;服务端接收到了心跳包;10 | [NioProcessor-2] com.huir.mina.customtelnet.HreatBeat.isResponse(51)
[VAMS][2018-04-26 10:48:32,941] INFO | 为了生存 ----客户端主动发送心跳包 | [NioProcessor-2] com.huir.mina.customtelnet.HreatBeat.getRequest(19)
[VAMS][2018-04-26 10:48:32,942] INFO | 14;客户端发送心跳包;8  ---------------> 14;客户端发送心跳包;8 | [NioProcessor-2] com.huir.mina.service.customcodefactory.CustomEnCode.encode(23)
[VAMS][2018-04-26 10:48:32,944] INFO | 客户端发送心跳包 ------》  14;客户端发送心跳包;8 | [NioProcessor-2] com.huir.mina.customtelnet.HreatBeat.isRequest(38)
[VAMS][2018-04-26 10:48:32,945] DEBUG | Processing a MESSAGE_RECEIVED for session 1 | [NioProcessor-2] org.apache.mina.filter.codec.ProtocolCodecFilter.messageReceived(213)
[VAMS][2018-04-26 10:48:32,946] INFO | ================接收到心跳包=============== | [NioProcessor-2] com.huir.mina.customservice.CustomServiceHandler.messageReceived(41)
[VAMS][2018-04-26 10:48:32,947] INFO | 15;服务端接收到了心跳包;10  ---------------> 15;服务端接收到了心跳包;10 | [NioProcessor-2] com.huir.mina.service.customcodefactory.CustomEnCode.encode(23)
[VAMS][2018-04-26 10:48:32,950] DEBUG | Processing a MESSAGE_RECEIVED for session 1 | [NioProcessor-2] org.apache.mina.filter.codec.ProtocolCodecFilter.messageReceived(213)
[VAMS][2018-04-26 10:48:32,951] INFO | 服务端返回心跳 --------》 : 15;服务端接收到了心跳包;10 | [NioProcessor-2] com.huir.mina.customtelnet.HreatBeat.isResponse(51)
[VAMS][2018-04-26 10:48:32,952] INFO | 服务端返回心跳 --------》 : 15;服务端接收到了心跳包;10 | [NioProcessor-2] com.huir.mina.customtelnet.HreatBeat.isResponse(51)
[VAMS][2018-04-26 10:48:52,954] INFO | 为了生存 ----客户端主动发送心跳包 | [NioProcessor-2] com.huir.mina.customtelnet.HreatBeat.getRequest(19)
[VAMS][2018-04-26 10:48:52,955] INFO | 14;客户端发送心跳包;8  ---------------> 14;客户端发送心跳包;8 | [NioProcessor-2] com.huir.mina.service.customcodefactory.CustomEnCode.encode(23)
[VAMS][2018-04-26 10:48:52,956] INFO | 客户端发送心跳包 ------》  14;客户端发送心跳包;8 | [NioProcessor-2] com.huir.mina.customtelnet.HreatBeat.isRequest(38)
[VAMS][2018-04-26 10:48:52,956] DEBUG | Processing a MESSAGE_RECEIVED for session 1 | [NioProcessor-2] org.apache.mina.filter.codec.ProtocolCodecFilter.messageReceived(213)
[VAMS][2018-04-26 10:48:52,958] INFO | ================接收到心跳包=============== | [NioProcessor-2] com.huir.mina.customservice.CustomServiceHandler.messageReceived(41)
[VAMS][2018-04-26 10:48:52,959] INFO | 15;服务端接收到了心跳包;10  ---------------> 15;服务端接收到了心跳包;10 | [NioProcessor-2] com.huir.mina.service.customcodefactory.CustomEnCode.encode(23)
[VAMS][2018-04-26 10:48:52,964] DEBUG | Processing a MESSAGE_RECEIVED for session 1 | [NioProcessor-2] org.apache.mina.filter.codec.ProtocolCodecFilter.messageReceived(213)
[VAMS][2018-04-26 10:48:52,965] INFO | 服务端返回心跳 --------》 : 15;服务端接收到了心跳包;10 | [NioProcessor-2] com.huir.mina.customtelnet.HreatBeat.isResponse(51)
[VAMS][2018-04-26 10:48:52,966] INFO | 服务端返回心跳 --------》 : 15;服务端接收到了心跳包;10 | [NioProcessor-2] com.huir.mina.customtelnet.HreatBeat.isResponse(51)
[VAMS][2018-04-26 10:49:12,964] INFO | 客户端断开连接 | [NioProcessor-2] com.huir.mina.customtelnet.CustomTelnetHandler.sessionClosed(49)
[VAMS][2018-04-26 10:49:20,171] INFO | 初始化成功...... | [main] com.huir.mina.customservice.CustomMinaService.main(37)
[VAMS][2018-04-26 10:49:23,883] INFO | 客户端连接成功..... | [main] com.huir.mina.customtelnet.CustomMinaTelnet.connection(86)
[VAMS][2018-04-26 10:49:23,886] INFO | 12;{"Request":"Islogin","Root":"{\"User_ID\":1,\"User_Name\":null,\"CUser_HuaName\":null,\"CUser_PWD\":null,\"Token\":null,\"LoginType\":0,\"StrErr\":\"29ac2566e3078e87e3097d3822e50d7\"}","Parameter":null,"Token":"a173850c55004309929a6a643927dd2d","Querycount":0,"Number":null,"Type":null}    {\"Request\":\"Islogin\",\"Root\":\"{\\\"User_ID\\\":1,\\\"User_Name\\\":null,\\\"CUser_HuaName\\\":null,\\\"CUser_PWD\\\":null,\\\"Token\\\":null,\\\"LoginType\\\":0,\\\"StrErr\\\":\\\"29ac2566e3078e87e3097d3822e50d7\\\"}\",\"Parameter\":null,\"Token\":\"a173850c55004309929a6a643927dd2d\",\"Querycount\":0,\"Number\":null,\"Type\":null};628  ---------------> 12;{"Request":"Islogin","Root":"{\"User_ID\":1,\"User_Name\":null,\"CUser_HuaName\":null,\"CUser_PWD\":null,\"Token\":null,\"LoginType\":0,\"StrErr\":\"29ac2566e3078e87e3097d3822e50d7\"}","Parameter":null,"Token":"a173850c55004309929a6a643927dd2d","Querycount":0,"Number":null,"Type":null}    {\"Request\":\"Islogin\",\"Root\":\"{\\\"User_ID\\\":1,\\\"User_Name\\\":null,\\\"CUser_HuaName\\\":null,\\\"CUser_PWD\\\":null,\\\"Token\\\":null,\\\"LoginType\\\":0,\\\"StrErr\\\":\\\"29ac2566e3078e87e3097d3822e50d7\\\"}\",\"Parameter\":null,\"Token\":\"a173850c55004309929a6a643927dd2d\",\"Querycount\":0,\"Number\":null,\"Type\":null};628 | [main] com.huir.mina.service.customcodefactory.CustomEnCode.encode(23)
[VAMS][2018-04-26 10:49:23,890] DEBUG | Processing a MESSAGE_RECEIVED for session 1 | [NioProcessor-2] org.apache.mina.filter.codec.ProtocolCodecFilter.messageReceived(213)
[VAMS][2018-04-26 10:49:23,892] INFO | messageReceived：   服务端接收到的数据 -----> {"Request":"Islogin","Root":"{\"User_ID\":1,\"User_Name\":null,\"CUser_HuaName\":null,\"CUser_PWD\":null,\"Token\":null,\"LoginType\":0,\"StrErr\":\"29ac2566e3078e87e3097d3822e50d7\"}","Parameter":null,"Token":"a173850c55004309929a6a643927dd2d","Querycount":0,"Number":null,"Type":null}    {\"Request\":\"Islogin\",\"Root\":\"{\\\"User_ID\\\":1,\\\"User_Name\\\":null,\\\"CUser_HuaName\\\":null,\\\"CUser_PWD\\\":null,\\\"Token\\\":null,\\\"LoginType\\\":0,\\\"StrErr\\\":\\\"29ac2566e3078e87e3097d3822e50d7\\\"}\",\"Parameter\":null,\"Token\":\"a173850c55004309929a6a643927dd2d\",\"Querycount\":0,\"Number\":null,\"Type\":null} | [NioProcessor-2] com.huir.mina.customservice.CustomServiceHandler.messageReceived(36)
[VAMS][2018-04-26 10:49:23,894] INFO | 13;Service:连接成功;12  ---------------> 13;Service:连接成功;12 | [NioProcessor-2] com.huir.mina.service.customcodefactory.CustomEnCode.encode(23)
[VAMS][2018-04-26 10:49:23,897] DEBUG | Processing a MESSAGE_RECEIVED for session 1 | [NioProcessor-2] org.apache.mina.filter.codec.ProtocolCodecFilter.messageReceived(213)
[VAMS][2018-04-26 10:49:23,899] INFO | 13 | [NioProcessor-2] com.huir.mina.customtelnet.CustomTelnetHandler.messageReceived(31)
[VAMS][2018-04-26 10:49:23,899] INFO | messageReceived：   客户端端接收到的数据 -----> Service:连接成功   msgLength 12 | [NioProcessor-2] com.huir.mina.customtelnet.CustomTelnetHandler.messageReceived(36)
[VAMS][2018-04-26 10:49:42,155] INFO | 服务器断开连接 | [NioProcessor-2] com.huir.mina.customservice.CustomServiceHandler.sessionClosed(55)
